{"meta": {"format": 3, "version": "7.10.3", "timestamp": "2025-08-11T23:44:10.285435", "branch_coverage": true, "show_contexts": false}, "files": {"src/__init__.py": {"executed_lines": [], "summary": {"covered_lines": 0, "num_statements": 0, "percent_covered": 100.0, "percent_covered_display": "100.00", "missing_lines": 0, "excluded_lines": 0, "num_branches": 0, "num_partial_branches": 0, "covered_branches": 0, "missing_branches": 0}, "missing_lines": [], "excluded_lines": [], "executed_branches": [], "missing_branches": [], "functions": {"": {"executed_lines": [], "summary": {"covered_lines": 0, "num_statements": 0, "percent_covered": 100.0, "percent_covered_display": "100.00", "missing_lines": 0, "excluded_lines": 0, "num_branches": 0, "num_partial_branches": 0, "covered_branches": 0, "missing_branches": 0}, "missing_lines": [], "excluded_lines": [], "executed_branches": [], "missing_branches": []}}, "classes": {"": {"executed_lines": [], "summary": {"covered_lines": 0, "num_statements": 0, "percent_covered": 100.0, "percent_covered_display": "100.00", "missing_lines": 0, "excluded_lines": 0, "num_branches": 0, "num_partial_branches": 0, "covered_branches": 0, "missing_branches": 0}, "missing_lines": [], "excluded_lines": [], "executed_branches": [], "missing_branches": []}}}, "src/adaptive_learning.py": {"executed_lines": [], "summary": {"covered_lines": 0, "num_statements": 412, "percent_covered": 0.0, "percent_covered_display": "0.00", "missing_lines": 412, "excluded_lines": 3, "num_branches": 138, "num_partial_branches": 0, "covered_branches": 0, "missing_branches": 138}, "missing_lines": [13, 14, 15, 16, 17, 18, 19, 20, 21, 22, 23, 24, 25, 26, 27, 28, 29, 30, 31, 32, 33, 34, 36, 37, 38, 40, 41, 44, 45, 48, 49, 50, 53, 54, 55, 56, 59, 60, 61, 64, 65, 66, 67, 70, 71, 72, 73, 76, 77, 78, 79, 82, 83, 84, 87, 88, 91, 92, 94, 95, 96, 97, 98, 99, 100, 101, 104, 105, 107, 108, 109, 110, 111, 112, 113, 114, 117, 118, 120, 121, 122, 123, 124, 125, 128, 131, 132, 133, 134, 135, 136, 139, 141, 144, 145, 146, 147, 150, 151, 152, 154, 156, 157, 158, 161, 162, 163, 164, 167, 168, 170, 172, 174, 175, 177, 178, 180, 181, 183, 184, 186, 188, 190, 191, 192, 194, 195, 198, 201, 202, 203, 204, 206, 208, 210, 211, 214, 215, 221, 224, 225, 236, 237, 240, 241, 245, 246, 248, 250, 251, 253, 254, 256, 258, 259, 260, 262, 263, 264, 266, 267, 270, 271, 272, 274, 275, 278, 279, 280, 281, 282, 284, 286, 289, 290, 291, 293, 295, 297, 309, 311, 314, 317, 318, 319, 320, 322, 328, 329, 332, 334, 335, 340, 342, 344, 345, 348, 349, 351, 354, 356, 357, 358, 360, 369, 370, 372, 375, 377, 379, 380, 381, 384, 385, 386, 388, 389, 391, 393, 394, 395, 398, 400, 409, 410, 412, 413, 415, 421, 422, 423, 425, 434, 435, 438, 440, 442, 444, 453, 456, 457, 460, 461, 462, 465, 466, 467, 470, 471, 472, 475, 476, 479, 481, 484, 485, 494, 495, 501, 503, 507, 508, 510, 519, 520, 521, 523, 524, 528, 529, 530, 531, 532, 533, 536, 539, 540, 543, 546, 550, 551, 553, 555, 558, 559, 562, 563, 566, 569, 570, 572, 575, 576, 577, 579, 581, 583, 586, 587, 588, 590, 591, 593, 595, 597, 599, 600, 603, 605, 607, 609, 611, 612, 615, 622, 623, 626, 627, 630, 637, 639, 641, 642, 644, 646, 649, 651, 652, 653, 656, 657, 660, 663, 664, 666, 668, 671, 675, 676, 677, 679, 680, 683, 684, 687, 689, 690, 691, 692, 694, 697, 698, 700, 702, 703, 706, 707, 708, 709, 710, 712, 714, 715, 716, 719, 720, 721, 723, 724, 725, 727, 738, 740, 743, 765, 768, 779, 780, 782, 783, 784, 785, 788, 789, 790, 791, 792, 793, 794, 797, 798, 800, 803, 805, 808, 813, 821, 823, 824, 827, 830, 831, 832, 833, 834, 835, 836, 837, 838, 841, 842, 845], "excluded_lines": [848, 849, 850], "executed_branches": [], "missing_branches": [[150, -141], [150, 151], [151, 150], [151, 152], [157, 158], [157, 161], [177, 178], [177, 180], [180, 181], [180, 183], [191, 192], [191, 194], [210, 211], [210, 214], [214, -206], [214, 215], [224, 225], [224, 236], [240, 241], [240, 270], [245, 246], [245, 248], [248, 250], [248, 256], [253, 240], [253, 254], [256, 240], [256, 258], [262, 240], [262, 263], [266, 240], [266, 267], [270, 271], [270, 274], [278, 279], [278, 286], [279, 280], [279, 281], [281, 282], [281, 284], [289, 290], [289, 295], [290, 291], [290, 293], [328, 329], [328, 332], [334, 335], [334, 340], [342, 344], [342, 372], [344, 345], [344, 438], [348, 349], [348, 351], [356, 357], [356, 438], [357, 358], [357, 360], [372, 375], [372, 438], [384, 385], [384, 438], [385, 386], [385, 388], [391, 384], [391, 393], [421, 422], [421, 438], [422, 423], [422, 425], [484, 485], [484, 494], [519, 520], [519, 536], [523, 524], [523, 536], [528, 529], [528, 531], [531, 532], [531, 536], [536, 539], [536, 543], [543, 546], [543, 553], [550, 551], [550, 553], [558, 559], [558, 562], [562, 563], [562, 566], [569, 570], [569, 575], [575, 576], [575, 579], [590, 591], [590, 593], [595, 597], [595, 605], [597, 599], [597, 603], [605, 607], [605, 609], [609, 611], [609, 626], [622, 623], [622, 626], [651, 652], [651, 656], [676, 677], [676, 679], [683, 684], [683, 687], [689, -666], [689, 690], [697, 698], [697, 700], [707, 708], [707, 714], [709, 710], [709, 712], [782, 783], [782, 788], [788, 789], [788, 797], [790, 791], [790, 794], [821, 823], [821, 845], [831, 832], [831, 833], [833, 834], [833, 835], [835, 836], [835, 837], [837, 838], [837, 841], [841, 821], [841, 842]], "functions": {"OnlineDataBuffer.__init__": {"executed_lines": [], "summary": {"covered_lines": 0, "num_statements": 6, "percent_covered": 0.0, "percent_covered_display": "0.00", "missing_lines": 6, "excluded_lines": 0, "num_branches": 0, "num_partial_branches": 0, "covered_branches": 0, "missing_branches": 0}, "missing_lines": [132, 133, 134, 135, 136, 139], "excluded_lines": [], "executed_branches": [], "missing_branches": []}, "OnlineDataBuffer.add_sample": {"executed_lines": [], "summary": {"covered_lines": 0, "num_statements": 7, "percent_covered": 0.0, "percent_covered_display": "0.00", "missing_lines": 7, "excluded_lines": 0, "num_branches": 4, "num_partial_branches": 0, "covered_branches": 0, "missing_branches": 4}, "missing_lines": [144, 145, 146, 147, 150, 151, 152], "excluded_lines": [], "executed_branches": [], "missing_branches": [[150, -141], [150, 151], [151, 150], [151, 152]]}, "OnlineDataBuffer.get_recent_samples": {"executed_lines": [], "summary": {"covered_lines": 0, "num_statements": 10, "percent_covered": 0.0, "percent_covered_display": "0.00", "missing_lines": 10, "excluded_lines": 0, "num_branches": 2, "num_partial_branches": 0, "covered_branches": 0, "missing_branches": 2}, "missing_lines": [156, 157, 158, 161, 162, 163, 164, 167, 168, 170], "excluded_lines": [], "executed_branches": [], "missing_branches": [[157, 158], [157, 161]]}, "OnlineDataBuffer.get_labeled_samples": {"executed_lines": [], "summary": {"covered_lines": 0, "num_statements": 9, "percent_covered": 0.0, "percent_covered_display": "0.00", "missing_lines": 9, "excluded_lines": 0, "num_branches": 4, "num_partial_branches": 0, "covered_branches": 0, "missing_branches": 4}, "missing_lines": [174, 175, 177, 178, 180, 181, 183, 184, 186], "excluded_lines": [], "executed_branches": [], "missing_branches": [[177, 178], [177, 180], [180, 181], [180, 183]]}, "OnlineDataBuffer.get_feature_distribution": {"executed_lines": [], "summary": {"covered_lines": 0, "num_statements": 5, "percent_covered": 0.0, "percent_covered_display": "0.00", "missing_lines": 5, "excluded_lines": 0, "num_branches": 2, "num_partial_branches": 0, "covered_branches": 0, "missing_branches": 2}, "missing_lines": [190, 191, 192, 194, 195], "excluded_lines": [], "executed_branches": [], "missing_branches": [[191, 192], [191, 194]]}, "ConceptDriftDetector.__init__": {"executed_lines": [], "summary": {"covered_lines": 0, "num_statements": 3, "percent_covered": 0.0, "percent_covered_display": "0.00", "missing_lines": 3, "excluded_lines": 0, "num_branches": 0, "num_partial_branches": 0, "covered_branches": 0, "missing_branches": 0}, "missing_lines": [202, 203, 204], "excluded_lines": [], "executed_branches": [], "missing_branches": []}, "ConceptDriftDetector.update_reference": {"executed_lines": [], "summary": {"covered_lines": 0, "num_statements": 5, "percent_covered": 0.0, "percent_covered_display": "0.00", "missing_lines": 5, "excluded_lines": 0, "num_branches": 4, "num_partial_branches": 0, "covered_branches": 0, "missing_branches": 4}, "missing_lines": [208, 210, 211, 214, 215], "excluded_lines": [], "executed_branches": [], "missing_branches": [[210, 211], [210, 214], [214, -206], [214, 215]]}, "ConceptDriftDetector.detect_drift": {"executed_lines": [], "summary": {"covered_lines": 0, "num_statements": 42, "percent_covered": 0.0, "percent_covered_display": "0.00", "missing_lines": 42, "excluded_lines": 0, "num_branches": 28, "num_partial_branches": 0, "covered_branches": 0, "missing_branches": 28}, "missing_lines": [224, 225, 236, 237, 240, 241, 245, 246, 248, 250, 251, 253, 254, 256, 258, 259, 260, 262, 263, 264, 266, 267, 270, 271, 272, 274, 275, 278, 279, 280, 281, 282, 284, 286, 289, 290, 291, 293, 295, 297, 309, 311], "excluded_lines": [], "executed_branches": [], "missing_branches": [[224, 225], [224, 236], [240, 241], [240, 270], [245, 246], [245, 248], [248, 250], [248, 256], [253, 240], [253, 254], [256, 240], [256, 258], [262, 240], [262, 263], [266, 240], [266, 267], [270, 271], [270, 274], [278, 279], [278, 286], [279, 280], [279, 281], [281, 282], [281, 284], [289, 290], [289, 295], [290, 291], [290, 293]]}, "ActiveLearningEngine.__init__": {"executed_lines": [], "summary": {"covered_lines": 0, "num_statements": 3, "percent_covered": 0.0, "percent_covered_display": "0.00", "missing_lines": 3, "excluded_lines": 0, "num_branches": 0, "num_partial_branches": 0, "covered_branches": 0, "missing_branches": 0}, "missing_lines": [318, 319, 320], "excluded_lines": [], "executed_branches": [], "missing_branches": []}, "ActiveLearningEngine.select_samples_for_labeling": {"executed_lines": [], "summary": {"covered_lines": 0, "num_statements": 49, "percent_covered": 0.0, "percent_covered_display": "0.00", "missing_lines": 49, "excluded_lines": 0, "num_branches": 26, "num_partial_branches": 0, "covered_branches": 0, "missing_branches": 26}, "missing_lines": [328, 329, 332, 334, 335, 340, 342, 344, 345, 348, 349, 351, 354, 356, 357, 358, 360, 369, 370, 372, 375, 377, 379, 380, 381, 384, 385, 386, 388, 389, 391, 393, 394, 395, 398, 400, 409, 410, 412, 413, 415, 421, 422, 423, 425, 434, 435, 438, 440], "excluded_lines": [], "executed_branches": [], "missing_branches": [[328, 329], [328, 332], [334, 335], [334, 340], [342, 344], [342, 372], [344, 345], [344, 438], [348, 349], [348, 351], [356, 357], [356, 438], [357, 358], [357, 360], [372, 375], [372, 438], [384, 385], [384, 438], [385, 386], [385, 388], [391, 384], [391, 393], [421, 422], [421, 438], [422, 423], [422, 425]]}, "ActiveLearningEngine.get_labeling_statistics": {"executed_lines": [], "summary": {"covered_lines": 0, "num_statements": 1, "percent_covered": 0.0, "percent_covered_display": "0.00", "missing_lines": 1, "excluded_lines": 0, "num_branches": 0, "num_partial_branches": 0, "covered_branches": 0, "missing_branches": 0}, "missing_lines": [444], "excluded_lines": [], "executed_branches": [], "missing_branches": []}, "AdaptiveLearningSystem.__init__": {"executed_lines": [], "summary": {"covered_lines": 0, "num_statements": 13, "percent_covered": 0.0, "percent_covered_display": "0.00", "missing_lines": 13, "excluded_lines": 0, "num_branches": 0, "num_partial_branches": 0, "covered_branches": 0, "missing_branches": 0}, "missing_lines": [457, 460, 461, 462, 465, 466, 467, 470, 471, 472, 475, 476, 479], "excluded_lines": [], "executed_branches": [], "missing_branches": []}, "AdaptiveLearningSystem._initialize_model": {"executed_lines": [], "summary": {"covered_lines": 0, "num_statements": 5, "percent_covered": 0.0, "percent_covered_display": "0.00", "missing_lines": 5, "excluded_lines": 0, "num_branches": 2, "num_partial_branches": 0, "covered_branches": 0, "missing_branches": 2}, "missing_lines": [484, 485, 494, 495, 501], "excluded_lines": [], "executed_branches": [], "missing_branches": [[484, 485], [484, 494]]}, "AdaptiveLearningSystem.add_sample": {"executed_lines": [], "summary": {"covered_lines": 0, "num_statements": 22, "percent_covered": 0.0, "percent_covered_display": "0.00", "missing_lines": 22, "excluded_lines": 0, "num_branches": 14, "num_partial_branches": 0, "covered_branches": 0, "missing_branches": 14}, "missing_lines": [507, 508, 510, 519, 520, 521, 523, 524, 528, 529, 530, 531, 532, 533, 536, 539, 540, 543, 546, 550, 551, 553], "excluded_lines": [], "executed_branches": [], "missing_branches": [[519, 520], [519, 536], [523, 524], [523, 536], [528, 529], [528, 531], [531, 532], [531, 536], [536, 539], [536, 543], [543, 546], [543, 553], [550, 551], [550, 553]]}, "AdaptiveLearningSystem.predict": {"executed_lines": [], "summary": {"covered_lines": 0, "num_statements": 13, "percent_covered": 0.0, "percent_covered_display": "0.00", "missing_lines": 13, "excluded_lines": 0, "num_branches": 8, "num_partial_branches": 0, "covered_branches": 0, "missing_branches": 8}, "missing_lines": [558, 559, 562, 563, 566, 569, 570, 572, 575, 576, 577, 579, 581], "excluded_lines": [], "executed_branches": [], "missing_branches": [[558, 559], [558, 562], [562, 563], [562, 566], [569, 570], [569, 575], [575, 576], [575, 579]]}, "AdaptiveLearningSystem._update_model": {"executed_lines": [], "summary": {"covered_lines": 0, "num_statements": 26, "percent_covered": 0.0, "percent_covered_display": "0.00", "missing_lines": 26, "excluded_lines": 0, "num_branches": 12, "num_partial_branches": 0, "covered_branches": 0, "missing_branches": 12}, "missing_lines": [586, 587, 588, 590, 591, 593, 595, 597, 599, 600, 603, 605, 607, 609, 611, 612, 615, 622, 623, 626, 627, 630, 637, 639, 641, 642], "excluded_lines": [], "executed_branches": [], "missing_branches": [[590, 591], [590, 593], [595, 597], [595, 605], [597, 599], [597, 603], [605, 607], [605, 609], [609, 611], [609, 626], [622, 623], [622, 626]]}, "AdaptiveLearningSystem._retrain_model": {"executed_lines": [], "summary": {"covered_lines": 0, "num_statements": 10, "percent_covered": 0.0, "percent_covered_display": "0.00", "missing_lines": 10, "excluded_lines": 0, "num_branches": 2, "num_partial_branches": 0, "covered_branches": 0, "missing_branches": 2}, "missing_lines": [646, 649, 651, 652, 653, 656, 657, 660, 663, 664], "excluded_lines": [], "executed_branches": [], "missing_branches": [[651, 652], [651, 656]]}, "AdaptiveLearningSystem._adapt_model": {"executed_lines": [], "summary": {"covered_lines": 0, "num_statements": 14, "percent_covered": 0.0, "percent_covered_display": "0.00", "missing_lines": 14, "excluded_lines": 0, "num_branches": 6, "num_partial_branches": 0, "covered_branches": 0, "missing_branches": 6}, "missing_lines": [668, 671, 675, 676, 677, 679, 680, 683, 684, 687, 689, 690, 691, 692], "excluded_lines": [], "executed_branches": [], "missing_branches": [[676, 677], [676, 679], [683, 684], [683, 687], [689, -666], [689, 690]]}, "AdaptiveLearningSystem.evaluate_model_performance": {"executed_lines": [], "summary": {"covered_lines": 0, "num_statements": 22, "percent_covered": 0.0, "percent_covered_display": "0.00", "missing_lines": 22, "excluded_lines": 0, "num_branches": 6, "num_partial_branches": 0, "covered_branches": 0, "missing_branches": 6}, "missing_lines": [697, 698, 700, 702, 703, 706, 707, 708, 709, 710, 712, 714, 715, 716, 719, 720, 721, 723, 724, 725, 727, 738], "excluded_lines": [], "executed_branches": [], "missing_branches": [[697, 698], [697, 700], [707, 708], [707, 714], [709, 710], [709, 712]]}, "AdaptiveLearningSystem.get_system_status": {"executed_lines": [], "summary": {"covered_lines": 0, "num_statements": 1, "percent_covered": 0.0, "percent_covered_display": "0.00", "missing_lines": 1, "excluded_lines": 0, "num_branches": 0, "num_partial_branches": 0, "covered_branches": 0, "missing_branches": 0}, "missing_lines": [743], "excluded_lines": [], "executed_branches": [], "missing_branches": []}, "AdaptiveLearningSystem.save_system_state": {"executed_lines": [], "summary": {"covered_lines": 0, "num_statements": 17, "percent_covered": 0.0, "percent_covered_display": "0.00", "missing_lines": 17, "excluded_lines": 0, "num_branches": 6, "num_partial_branches": 0, "covered_branches": 0, "missing_branches": 6}, "missing_lines": [768, 779, 780, 782, 783, 784, 785, 788, 789, 790, 791, 792, 793, 794, 797, 798, 800], "excluded_lines": [], "executed_branches": [], "missing_branches": [[782, 783], [782, 788], [788, 789], [788, 797], [790, 791], [790, 794]]}, "create_adaptive_learning_system": {"executed_lines": [], "summary": {"covered_lines": 0, "num_statements": 1, "percent_covered": 0.0, "percent_covered_display": "0.00", "missing_lines": 1, "excluded_lines": 0, "num_branches": 0, "num_partial_branches": 0, "covered_branches": 0, "missing_branches": 0}, "missing_lines": [805], "excluded_lines": [], "executed_branches": [], "missing_branches": []}, "simulate_online_learning": {"executed_lines": [], "summary": {"covered_lines": 0, "num_statements": 17, "percent_covered": 0.0, "percent_covered_display": "0.00", "missing_lines": 17, "excluded_lines": 0, "num_branches": 12, "num_partial_branches": 0, "covered_branches": 0, "missing_branches": 12}, "missing_lines": [813, 821, 823, 824, 827, 830, 831, 832, 833, 834, 835, 836, 837, 838, 841, 842, 845], "excluded_lines": [], "executed_branches": [], "missing_branches": [[821, 823], [821, 845], [831, 832], [831, 833], [833, 834], [833, 835], [835, 836], [835, 837], [837, 838], [837, 841], [841, 821], [841, 842]]}, "": {"executed_lines": [], "summary": {"covered_lines": 0, "num_statements": 111, "percent_covered": 0.0, "percent_covered_display": "0.00", "missing_lines": 111, "excluded_lines": 3, "num_branches": 0, "num_partial_branches": 0, "covered_branches": 0, "missing_branches": 0}, "missing_lines": [13, 14, 15, 16, 17, 18, 19, 20, 21, 22, 23, 24, 25, 26, 27, 28, 29, 30, 31, 32, 33, 34, 36, 37, 38, 40, 41, 44, 45, 48, 49, 50, 53, 54, 55, 56, 59, 60, 61, 64, 65, 66, 67, 70, 71, 72, 73, 76, 77, 78, 79, 82, 83, 84, 87, 88, 91, 92, 94, 95, 96, 97, 98, 99, 100, 101, 104, 105, 107, 108, 109, 110, 111, 112, 113, 114, 117, 118, 120, 121, 122, 123, 124, 125, 128, 131, 141, 154, 172, 188, 198, 201, 206, 221, 314, 317, 322, 442, 453, 456, 481, 503, 555, 583, 644, 666, 694, 740, 765, 803, 808], "excluded_lines": [848, 849, 850], "executed_branches": [], "missing_branches": []}}, "classes": {"AdaptiveLearningConfig": {"executed_lines": [], "summary": {"covered_lines": 0, "num_statements": 0, "percent_covered": 100.0, "percent_covered_display": "100.00", "missing_lines": 0, "excluded_lines": 0, "num_branches": 0, "num_partial_branches": 0, "covered_branches": 0, "missing_branches": 0}, "missing_lines": [], "excluded_lines": [], "executed_branches": [], "missing_branches": []}, "ConceptDriftDetection": {"executed_lines": [], "summary": {"covered_lines": 0, "num_statements": 0, "percent_covered": 100.0, "percent_covered_display": "100.00", "missing_lines": 0, "excluded_lines": 0, "num_branches": 0, "num_partial_branches": 0, "covered_branches": 0, "missing_branches": 0}, "missing_lines": [], "excluded_lines": [], "executed_branches": [], "missing_branches": []}, "ModelPerformanceMetrics": {"executed_lines": [], "summary": {"covered_lines": 0, "num_statements": 0, "percent_covered": 100.0, "percent_covered_display": "100.00", "missing_lines": 0, "excluded_lines": 0, "num_branches": 0, "num_partial_branches": 0, "covered_branches": 0, "missing_branches": 0}, "missing_lines": [], "excluded_lines": [], "executed_branches": [], "missing_branches": []}, "ActiveLearningQuery": {"executed_lines": [], "summary": {"covered_lines": 0, "num_statements": 0, "percent_covered": 100.0, "percent_covered_display": "100.00", "missing_lines": 0, "excluded_lines": 0, "num_branches": 0, "num_partial_branches": 0, "covered_branches": 0, "missing_branches": 0}, "missing_lines": [], "excluded_lines": [], "executed_branches": [], "missing_branches": []}, "OnlineDataBuffer": {"executed_lines": [], "summary": {"covered_lines": 0, "num_statements": 37, "percent_covered": 0.0, "percent_covered_display": "0.00", "missing_lines": 37, "excluded_lines": 0, "num_branches": 12, "num_partial_branches": 0, "covered_branches": 0, "missing_branches": 12}, "missing_lines": [132, 133, 134, 135, 136, 139, 144, 145, 146, 147, 150, 151, 152, 156, 157, 158, 161, 162, 163, 164, 167, 168, 170, 174, 175, 177, 178, 180, 181, 183, 184, 186, 190, 191, 192, 194, 195], "excluded_lines": [], "executed_branches": [], "missing_branches": [[150, -141], [150, 151], [151, 150], [151, 152], [157, 158], [157, 161], [177, 178], [177, 180], [180, 181], [180, 183], [191, 192], [191, 194]]}, "ConceptDriftDetector": {"executed_lines": [], "summary": {"covered_lines": 0, "num_statements": 50, "percent_covered": 0.0, "percent_covered_display": "0.00", "missing_lines": 50, "excluded_lines": 0, "num_branches": 32, "num_partial_branches": 0, "covered_branches": 0, "missing_branches": 32}, "missing_lines": [202, 203, 204, 208, 210, 211, 214, 215, 224, 225, 236, 237, 240, 241, 245, 246, 248, 250, 251, 253, 254, 256, 258, 259, 260, 262, 263, 264, 266, 267, 270, 271, 272, 274, 275, 278, 279, 280, 281, 282, 284, 286, 289, 290, 291, 293, 295, 297, 309, 311], "excluded_lines": [], "executed_branches": [], "missing_branches": [[210, 211], [210, 214], [214, -206], [214, 215], [224, 225], [224, 236], [240, 241], [240, 270], [245, 246], [245, 248], [248, 250], [248, 256], [253, 240], [253, 254], [256, 240], [256, 258], [262, 240], [262, 263], [266, 240], [266, 267], [270, 271], [270, 274], [278, 279], [278, 286], [279, 280], [279, 281], [281, 282], [281, 284], [289, 290], [289, 295], [290, 291], [290, 293]]}, "ActiveLearningEngine": {"executed_lines": [], "summary": {"covered_lines": 0, "num_statements": 53, "percent_covered": 0.0, "percent_covered_display": "0.00", "missing_lines": 53, "excluded_lines": 0, "num_branches": 26, "num_partial_branches": 0, "covered_branches": 0, "missing_branches": 26}, "missing_lines": [318, 319, 320, 328, 329, 332, 334, 335, 340, 342, 344, 345, 348, 349, 351, 354, 356, 357, 358, 360, 369, 370, 372, 375, 377, 379, 380, 381, 384, 385, 386, 388, 389, 391, 393, 394, 395, 398, 400, 409, 410, 412, 413, 415, 421, 422, 423, 425, 434, 435, 438, 440, 444], "excluded_lines": [], "executed_branches": [], "missing_branches": [[328, 329], [328, 332], [334, 335], [334, 340], [342, 344], [342, 372], [344, 345], [344, 438], [348, 349], [348, 351], [356, 357], [356, 438], [357, 358], [357, 360], [372, 375], [372, 438], [384, 385], [384, 438], [385, 386], [385, 388], [391, 384], [391, 393], [421, 422], [421, 438], [422, 423], [422, 425]]}, "AdaptiveLearningSystem": {"executed_lines": [], "summary": {"covered_lines": 0, "num_statements": 143, "percent_covered": 0.0, "percent_covered_display": "0.00", "missing_lines": 143, "excluded_lines": 0, "num_branches": 56, "num_partial_branches": 0, "covered_branches": 0, "missing_branches": 56}, "missing_lines": [457, 460, 461, 462, 465, 466, 467, 470, 471, 472, 475, 476, 479, 484, 485, 494, 495, 501, 507, 508, 510, 519, 520, 521, 523, 524, 528, 529, 530, 531, 532, 533, 536, 539, 540, 543, 546, 550, 551, 553, 558, 559, 562, 563, 566, 569, 570, 572, 575, 576, 577, 579, 581, 586, 587, 588, 590, 591, 593, 595, 597, 599, 600, 603, 605, 607, 609, 611, 612, 615, 622, 623, 626, 627, 630, 637, 639, 641, 642, 646, 649, 651, 652, 653, 656, 657, 660, 663, 664, 668, 671, 675, 676, 677, 679, 680, 683, 684, 687, 689, 690, 691, 692, 697, 698, 700, 702, 703, 706, 707, 708, 709, 710, 712, 714, 715, 716, 719, 720, 721, 723, 724, 725, 727, 738, 743, 768, 779, 780, 782, 783, 784, 785, 788, 789, 790, 791, 792, 793, 794, 797, 798, 800], "excluded_lines": [], "executed_branches": [], "missing_branches": [[484, 485], [484, 494], [519, 520], [519, 536], [523, 524], [523, 536], [528, 529], [528, 531], [531, 532], [531, 536], [536, 539], [536, 543], [543, 546], [543, 553], [550, 551], [550, 553], [558, 559], [558, 562], [562, 563], [562, 566], [569, 570], [569, 575], [575, 576], [575, 579], [590, 591], [590, 593], [595, 597], [595, 605], [597, 599], [597, 603], [605, 607], [605, 609], [609, 611], [609, 626], [622, 623], [622, 626], [651, 652], [651, 656], [676, 677], [676, 679], [683, 684], [683, 687], [689, -666], [689, 690], [697, 698], [697, 700], [707, 708], [707, 714], [709, 710], [709, 712], [782, 783], [782, 788], [788, 789], [788, 797], [790, 791], [790, 794]]}, "": {"executed_lines": [], "summary": {"covered_lines": 0, "num_statements": 129, "percent_covered": 0.0, "percent_covered_display": "0.00", "missing_lines": 129, "excluded_lines": 3, "num_branches": 12, "num_partial_branches": 0, "covered_branches": 0, "missing_branches": 12}, "missing_lines": [13, 14, 15, 16, 17, 18, 19, 20, 21, 22, 23, 24, 25, 26, 27, 28, 29, 30, 31, 32, 33, 34, 36, 37, 38, 40, 41, 44, 45, 48, 49, 50, 53, 54, 55, 56, 59, 60, 61, 64, 65, 66, 67, 70, 71, 72, 73, 76, 77, 78, 79, 82, 83, 84, 87, 88, 91, 92, 94, 95, 96, 97, 98, 99, 100, 101, 104, 105, 107, 108, 109, 110, 111, 112, 113, 114, 117, 118, 120, 121, 122, 123, 124, 125, 128, 131, 141, 154, 172, 188, 198, 201, 206, 221, 314, 317, 322, 442, 453, 456, 481, 503, 555, 583, 644, 666, 694, 740, 765, 803, 805, 808, 813, 821, 823, 824, 827, 830, 831, 832, 833, 834, 835, 836, 837, 838, 841, 842, 845], "excluded_lines": [848, 849, 850], "executed_branches": [], "missing_branches": [[821, 823], [821, 845], [831, 832], [831, 833], [833, 834], [833, 835], [835, 836], [835, 837], [837, 838], [837, 841], [841, 821], [841, 842]]}}}, "src/advanced_caching_optimization.py": {"executed_lines": [], "summary": {"covered_lines": 0, "num_statements": 664, "percent_covered": 0.0, "percent_covered_display": "0.00", "missing_lines": 664, "excluded_lines": 3, "num_branches": 174, "num_partial_branches": 0, "covered_branches": 0, "missing_branches": 174}, "missing_lines": [15, 16, 17, 18, 19, 20, 21, 22, 23, 24, 25, 26, 27, 28, 29, 30, 31, 32, 33, 34, 35, 36, 37, 38, 39, 40, 42, 43, 44, 46, 49, 50, 52, 53, 54, 55, 56, 57, 58, 60, 61, 62, 63, 66, 67, 69, 70, 71, 72, 73, 74, 75, 76, 77, 78, 80, 81, 82, 84, 85, 86, 87, 88, 90, 91, 92, 95, 96, 98, 99, 100, 101, 102, 103, 104, 105, 106, 107, 108, 111, 114, 115, 120, 121, 122, 123, 124, 126, 128, 129, 131, 132, 134, 135, 136, 137, 139, 142, 144, 145, 146, 148, 150, 151, 153, 155, 156, 157, 158, 159, 161, 163, 164, 165, 167, 168, 169, 170, 171, 172, 174, 177, 180, 181, 186, 187, 188, 189, 190, 192, 193, 194, 195, 196, 198, 200, 201, 203, 204, 205, 207, 208, 209, 210, 212, 215, 217, 219, 220, 222, 223, 224, 225, 226, 227, 229, 232, 234, 236, 237, 238, 239, 240, 242, 244, 245, 247, 248, 250, 253, 256, 257, 258, 259, 260, 261, 264, 265, 266, 269, 270, 272, 274, 275, 277, 279, 280, 281, 282, 283, 284, 285, 287, 289, 290, 291, 292, 294, 297, 298, 299, 300, 301, 302, 305, 306, 307, 308, 311, 313, 314, 316, 319, 321, 324, 325, 326, 329, 342, 343, 344, 347, 348, 349, 351, 353, 355, 356, 357, 358, 359, 360, 361, 362, 363, 365, 367, 368, 370, 371, 372, 374, 375, 377, 379, 381, 382, 383, 384, 385, 386, 387, 388, 389, 392, 393, 394, 396, 398, 399, 401, 404, 406, 407, 408, 409, 410, 411, 413, 415, 417, 418, 421, 422, 423, 424, 425, 427, 428, 429, 431, 433, 435, 438, 441, 442, 443, 444, 445, 446, 448, 450, 452, 453, 455, 456, 457, 458, 459, 461, 462, 463, 465, 467, 469, 471, 472, 473, 475, 476, 477, 478, 479, 480, 481, 483, 485, 487, 488, 493, 494, 496, 498, 499, 500, 502, 512, 514, 515, 516, 517, 520, 523, 524, 525, 526, 528, 529, 530, 532, 540, 541, 542, 544, 545, 546, 547, 549, 550, 552, 553, 555, 557, 558, 559, 560, 562, 564, 565, 568, 569, 572, 573, 576, 579, 582, 584, 585, 586, 588, 589, 592, 593, 595, 597, 600, 603, 604, 607, 611, 612, 613, 616, 619, 620, 621, 629, 630, 632, 634, 635, 636, 638, 640, 641, 643, 644, 645, 646, 647, 648, 650, 651, 652, 654, 656, 657, 659, 661, 662, 664, 665, 666, 667, 668, 670, 671, 674, 675, 676, 677, 678, 679, 681, 683, 684, 685, 687, 689, 690, 692, 693, 695, 705, 706, 707, 710, 713, 714, 715, 716, 717, 720, 723, 724, 727, 728, 730, 732, 733, 735, 750, 751, 753, 755, 756, 758, 760, 766, 767, 768, 770, 773, 774, 775, 778, 779, 780, 781, 783, 784, 787, 788, 791, 794, 799, 801, 803, 804, 805, 807, 809, 812, 814, 817, 820, 821, 824, 828, 829, 830, 833, 834, 835, 838, 841, 842, 845, 846, 848, 859, 860, 862, 864, 865, 866, 868, 870, 871, 873, 875, 876, 878, 879, 880, 883, 884, 887, 888, 890, 892, 894, 895, 896, 898, 900, 902, 903, 904, 905, 906, 907, 908, 910, 912, 913, 915, 917, 923, 926, 927, 930, 933, 936, 937, 940, 941, 942, 945, 946, 949, 951, 955, 956, 957, 960, 961, 963, 964, 967, 968, 970, 971, 972, 973, 975, 977, 981, 984, 987, 988, 991, 992, 995, 996, 998, 1000, 1002, 1008, 1010, 1016, 1020, 1021, 1022, 1023, 1024, 1025, 1026, 1027, 1030, 1031, 1032, 1033, 1036, 1037, 1038, 1039, 1040, 1042, 1045, 1046, 1050, 1053, 1055, 1056, 1062, 1065, 1067, 1068, 1071, 1072, 1074, 1077, 1078, 1080, 1081, 1083, 1098, 1101, 1102, 1103, 1105, 1110, 1113, 1114, 1115, 1116, 1119, 1121, 1122, 1124, 1126, 1127, 1131, 1134, 1135, 1136, 1138, 1142, 1143, 1144, 1145, 1146, 1149, 1150, 1151, 1154, 1155, 1156, 1159, 1160, 1162, 1164, 1166, 1168, 1172, 1174, 1175, 1177, 1181, 1183, 1186, 1187, 1188], "excluded_lines": [1191, 1192, 1193], "executed_branches": [], "missing_branches": [[81, -80], [81, 82], [86, 87], [86, 88], [128, 129], [128, 131], [150, 151], [150, 153], [167, 168], [167, 174], [169, 167], [169, 170], [200, 201], [200, 203], [203, 204], [203, 215], [205, 207], [205, 212], [219, 220], [219, 222], [222, 223], [222, 232], [224, 225], [224, 229], [244, 245], [244, 247], [247, 248], [247, 250], [290, 291], [290, 294], [297, 298], [297, 305], [299, 300], [299, 301], [324, 325], [324, 329], [325, 326], [325, 329], [342, 343], [342, 347], [356, 357], [356, 363], [358, 359], [358, 360], [360, 361], [360, 362], [370, 371], [370, 374], [371, 370], [371, 372], [374, 375], [374, 377], [382, 383], [382, 384], [384, 385], [384, 386], [386, 387], [386, 388], [388, 389], [388, 392], [406, 407], [406, 408], [408, 409], [408, 410], [410, 411], [410, 413], [421, 422], [421, 427], [422, 423], [422, 424], [427, 428], [427, 431], [441, 442], [441, 448], [442, 443], [442, 444], [455, 456], [455, 461], [456, 457], [456, 458], [461, 462], [461, 465], [475, 476], [475, 483], [476, 477], [476, 478], [493, -485], [493, 494], [529, 530], [529, 532], [552, 553], [552, 555], [564, 565], [564, 568], [572, 573], [572, 576], [592, 593], [592, 595], [604, 607], [604, 616], [611, 612], [611, 616], [640, 641], [640, 643], [656, 657], [656, 659], [664, 665], [664, 674], [666, 664], [666, 667], [668, 664], [668, 670], [674, 675], [674, 681], [676, 677], [676, 679], [689, 690], [689, 692], [767, 768], [767, 770], [773, 774], [773, 778], [779, 780], [779, 783], [787, 788], [787, 791], [821, 824], [821, 833], [828, 829], [828, 833], [878, 879], [878, 892], [883, 884], [883, 887], [926, 927], [926, 930], [956, 957], [956, 960], [961, 963], [961, 967], [968, 970], [968, 975], [971, 972], [971, 973], [987, 988], [987, 991], [991, 992], [991, 995], [995, 996], [995, 998], [1031, 1032], [1031, 1036], [1036, -1016], [1036, 1037], [1053, 1055], [1053, 1062], [1062, -1045], [1062, 1065], [1071, -1042], [1071, 1072], [1113, 1114], [1113, 1119], [1115, 1116], [1115, 1119], [1121, 1122], [1121, 1124], [1142, 1143], [1142, 1149], [1144, 1145], [1144, 1149], [1174, 1175], [1174, 1177], [1186, 1187], [1186, 1188]], "functions": {"CacheMetrics.hit_rate": {"executed_lines": [], "summary": {"covered_lines": 0, "num_statements": 2, "percent_covered": 0.0, "percent_covered_display": "0.00", "missing_lines": 2, "excluded_lines": 0, "num_branches": 0, "num_partial_branches": 0, "covered_branches": 0, "missing_branches": 0}, "missing_lines": [62, 63], "excluded_lines": [], "executed_branches": [], "missing_branches": []}, "CacheItem.__post_init__": {"executed_lines": [], "summary": {"covered_lines": 0, "num_statements": 2, "percent_covered": 0.0, "percent_covered_display": "0.00", "missing_lines": 2, "excluded_lines": 0, "num_branches": 2, "num_partial_branches": 0, "covered_branches": 0, "missing_branches": 2}, "missing_lines": [81, 82], "excluded_lines": [], "executed_branches": [], "missing_branches": [[81, -80], [81, 82]]}, "CacheItem.is_expired": {"executed_lines": [], "summary": {"covered_lines": 0, "num_statements": 3, "percent_covered": 0.0, "percent_covered_display": "0.00", "missing_lines": 3, "excluded_lines": 0, "num_branches": 2, "num_partial_branches": 0, "covered_branches": 0, "missing_branches": 2}, "missing_lines": [86, 87, 88], "excluded_lines": [], "executed_branches": [], "missing_branches": [[86, 87], [86, 88]]}, "CacheItem.age_seconds": {"executed_lines": [], "summary": {"covered_lines": 0, "num_statements": 1, "percent_covered": 0.0, "percent_covered_display": "0.00", "missing_lines": 1, "excluded_lines": 0, "num_branches": 0, "num_partial_branches": 0, "covered_branches": 0, "missing_branches": 0}, "missing_lines": [92], "excluded_lines": [], "executed_branches": [], "missing_branches": []}, "CompressionManager.__init__": {"executed_lines": [], "summary": {"covered_lines": 0, "num_statements": 6, "percent_covered": 0.0, "percent_covered_display": "0.00", "missing_lines": 6, "excluded_lines": 0, "num_branches": 0, "num_partial_branches": 0, "covered_branches": 0, "missing_branches": 0}, "missing_lines": [115, 120, 121, 122, 123, 124], "excluded_lines": [], "executed_branches": [], "missing_branches": []}, "CompressionManager.compress": {"executed_lines": [], "summary": {"covered_lines": 0, "num_statements": 13, "percent_covered": 0.0, "percent_covered_display": "0.00", "missing_lines": 13, "excluded_lines": 0, "num_branches": 2, "num_partial_branches": 0, "covered_branches": 0, "missing_branches": 2}, "missing_lines": [128, 129, 131, 132, 134, 135, 136, 137, 139, 142, 144, 145, 146], "excluded_lines": [], "executed_branches": [], "missing_branches": [[128, 129], [128, 131]]}, "CompressionManager.decompress": {"executed_lines": [], "summary": {"covered_lines": 0, "num_statements": 8, "percent_covered": 0.0, "percent_covered_display": "0.00", "missing_lines": 8, "excluded_lines": 0, "num_branches": 2, "num_partial_branches": 0, "covered_branches": 0, "missing_branches": 2}, "missing_lines": [150, 151, 153, 155, 156, 157, 158, 159], "excluded_lines": [], "executed_branches": [], "missing_branches": [[150, 151], [150, 153]]}, "CompressionManager.find_best_compression": {"executed_lines": [], "summary": {"covered_lines": 0, "num_statements": 10, "percent_covered": 0.0, "percent_covered_display": "0.00", "missing_lines": 10, "excluded_lines": 0, "num_branches": 4, "num_partial_branches": 0, "covered_branches": 0, "missing_branches": 4}, "missing_lines": [163, 164, 165, 167, 168, 169, 170, 171, 172, 174], "excluded_lines": [], "executed_branches": [], "missing_branches": [[167, 168], [167, 174], [169, 167], [169, 170]]}, "SerializationManager.__init__": {"executed_lines": [], "summary": {"covered_lines": 0, "num_statements": 11, "percent_covered": 0.0, "percent_covered_display": "0.00", "missing_lines": 11, "excluded_lines": 0, "num_branches": 0, "num_partial_branches": 0, "covered_branches": 0, "missing_branches": 0}, "missing_lines": [181, 186, 187, 188, 189, 190, 192, 193, 194, 195, 196], "excluded_lines": [], "executed_branches": [], "missing_branches": []}, "SerializationManager.serialize": {"executed_lines": [], "summary": {"covered_lines": 0, "num_statements": 11, "percent_covered": 0.0, "percent_covered_display": "0.00", "missing_lines": 11, "excluded_lines": 0, "num_branches": 6, "num_partial_branches": 0, "covered_branches": 0, "missing_branches": 6}, "missing_lines": [200, 201, 203, 204, 205, 207, 208, 209, 210, 212, 215], "excluded_lines": [], "executed_branches": [], "missing_branches": [[200, 201], [200, 203], [203, 204], [203, 215], [205, 207], [205, 212]]}, "SerializationManager.deserialize": {"executed_lines": [], "summary": {"covered_lines": 0, "num_statements": 10, "percent_covered": 0.0, "percent_covered_display": "0.00", "missing_lines": 10, "excluded_lines": 0, "num_branches": 6, "num_partial_branches": 0, "covered_branches": 0, "missing_branches": 6}, "missing_lines": [219, 220, 222, 223, 224, 225, 226, 227, 229, 232], "excluded_lines": [], "executed_branches": [], "missing_branches": [[219, 220], [219, 222], [222, 223], [222, 232], [224, 225], [224, 229]]}, "SerializationManager._is_json_serializable": {"executed_lines": [], "summary": {"covered_lines": 0, "num_statements": 5, "percent_covered": 0.0, "percent_covered_display": "0.00", "missing_lines": 5, "excluded_lines": 0, "num_branches": 0, "num_partial_branches": 0, "covered_branches": 0, "missing_branches": 0}, "missing_lines": [236, 237, 238, 239, 240], "excluded_lines": [], "executed_branches": [], "missing_branches": []}, "SerializationManager.find_best_serializer": {"executed_lines": [], "summary": {"covered_lines": 0, "num_statements": 5, "percent_covered": 0.0, "percent_covered_display": "0.00", "missing_lines": 5, "excluded_lines": 0, "num_branches": 4, "num_partial_branches": 0, "covered_branches": 0, "missing_branches": 4}, "missing_lines": [244, 245, 247, 248, 250], "excluded_lines": [], "executed_branches": [], "missing_branches": [[244, 245], [244, 247], [247, 248], [247, 250]]}, "InMemoryCache.__init__": {"executed_lines": [], "summary": {"covered_lines": 0, "num_statements": 10, "percent_covered": 0.0, "percent_covered_display": "0.00", "missing_lines": 10, "excluded_lines": 0, "num_branches": 0, "num_partial_branches": 0, "covered_branches": 0, "missing_branches": 0}, "missing_lines": [257, 258, 259, 260, 261, 264, 265, 266, 269, 270], "excluded_lines": [], "executed_branches": [], "missing_branches": []}, "InMemoryCache.start_background_tasks": {"executed_lines": [], "summary": {"covered_lines": 0, "num_statements": 2, "percent_covered": 0.0, "percent_covered_display": "0.00", "missing_lines": 2, "excluded_lines": 0, "num_branches": 0, "num_partial_branches": 0, "covered_branches": 0, "missing_branches": 0}, "missing_lines": [274, 275], "excluded_lines": [], "executed_branches": [], "missing_branches": []}, "InMemoryCache._cleanup_loop": {"executed_lines": [], "summary": {"covered_lines": 0, "num_statements": 7, "percent_covered": 0.0, "percent_covered_display": "0.00", "missing_lines": 7, "excluded_lines": 0, "num_branches": 0, "num_partial_branches": 0, "covered_branches": 0, "missing_branches": 0}, "missing_lines": [279, 280, 281, 282, 283, 284, 285], "excluded_lines": [], "executed_branches": [], "missing_branches": []}, "InMemoryCache.get": {"executed_lines": [], "summary": {"covered_lines": 0, "num_statements": 18, "percent_covered": 0.0, "percent_covered_display": "0.00", "missing_lines": 18, "excluded_lines": 0, "num_branches": 6, "num_partial_branches": 0, "covered_branches": 0, "missing_branches": 6}, "missing_lines": [289, 290, 291, 292, 294, 297, 298, 299, 300, 301, 302, 305, 306, 307, 308, 311, 313, 314], "excluded_lines": [], "executed_branches": [], "missing_branches": [[290, 291], [290, 294], [297, 298], [297, 305], [299, 300], [299, 301]]}, "InMemoryCache.set": {"executed_lines": [], "summary": {"covered_lines": 0, "num_statements": 13, "percent_covered": 0.0, "percent_covered_display": "0.00", "missing_lines": 13, "excluded_lines": 0, "num_branches": 6, "num_partial_branches": 0, "covered_branches": 0, "missing_branches": 6}, "missing_lines": [319, 321, 324, 325, 326, 329, 342, 343, 344, 347, 348, 349, 351], "excluded_lines": [], "executed_branches": [], "missing_branches": [[324, 325], [324, 329], [325, 326], [325, 329], [342, 343], [342, 347]]}, "InMemoryCache.delete": {"executed_lines": [], "summary": {"covered_lines": 0, "num_statements": 9, "percent_covered": 0.0, "percent_covered_display": "0.00", "missing_lines": 9, "excluded_lines": 0, "num_branches": 6, "num_partial_branches": 0, "covered_branches": 0, "missing_branches": 6}, "missing_lines": [355, 356, 357, 358, 359, 360, 361, 362, 363], "excluded_lines": [], "executed_branches": [], "missing_branches": [[356, 357], [356, 363], [358, 359], [358, 360], [360, 361], [360, 362]]}, "InMemoryCache.invalidate_by_tags": {"executed_lines": [], "summary": {"covered_lines": 0, "num_statements": 8, "percent_covered": 0.0, "percent_covered_display": "0.00", "missing_lines": 8, "excluded_lines": 0, "num_branches": 6, "num_partial_branches": 0, "covered_branches": 0, "missing_branches": 6}, "missing_lines": [367, 368, 370, 371, 372, 374, 375, 377], "excluded_lines": [], "executed_branches": [], "missing_branches": [[370, 371], [370, 374], [371, 370], [371, 372], [374, 375], [374, 377]]}, "InMemoryCache._calculate_size": {"executed_lines": [], "summary": {"covered_lines": 0, "num_statements": 12, "percent_covered": 0.0, "percent_covered_display": "0.00", "missing_lines": 12, "excluded_lines": 0, "num_branches": 8, "num_partial_branches": 0, "covered_branches": 0, "missing_branches": 8}, "missing_lines": [381, 382, 383, 384, 385, 386, 387, 388, 389, 392, 393, 394], "excluded_lines": [], "executed_branches": [], "missing_branches": [[382, 383], [382, 384], [384, 385], [384, 386], [386, 387], [386, 388], [388, 389], [388, 392]]}, "InMemoryCache._has_space": {"executed_lines": [], "summary": {"covered_lines": 0, "num_statements": 3, "percent_covered": 0.0, "percent_covered_display": "0.00", "missing_lines": 3, "excluded_lines": 0, "num_branches": 0, "num_partial_branches": 0, "covered_branches": 0, "missing_branches": 0}, "missing_lines": [398, 399, 401], "excluded_lines": [], "executed_branches": [], "missing_branches": []}, "InMemoryCache._evict_to_make_space": {"executed_lines": [], "summary": {"covered_lines": 0, "num_statements": 7, "percent_covered": 0.0, "percent_covered_display": "0.00", "missing_lines": 7, "excluded_lines": 0, "num_branches": 6, "num_partial_branches": 0, "covered_branches": 0, "missing_branches": 6}, "missing_lines": [406, 407, 408, 409, 410, 411, 413], "excluded_lines": [], "executed_branches": [], "missing_branches": [[406, 407], [406, 408], [408, 409], [408, 410], [410, 411], [410, 413]]}, "InMemoryCache._evict_lru": {"executed_lines": [], "summary": {"covered_lines": 0, "num_statements": 11, "percent_covered": 0.0, "percent_covered_display": "0.00", "missing_lines": 11, "excluded_lines": 0, "num_branches": 6, "num_partial_branches": 0, "covered_branches": 0, "missing_branches": 6}, "missing_lines": [417, 418, 421, 422, 423, 424, 425, 427, 428, 429, 431], "excluded_lines": [], "executed_branches": [], "missing_branches": [[421, 422], [421, 427], [422, 423], [422, 424], [427, 428], [427, 431]]}, "InMemoryCache._evict_lfu": {"executed_lines": [], "summary": {"covered_lines": 0, "num_statements": 9, "percent_covered": 0.0, "percent_covered_display": "0.00", "missing_lines": 9, "excluded_lines": 0, "num_branches": 4, "num_partial_branches": 0, "covered_branches": 0, "missing_branches": 4}, "missing_lines": [435, 438, 441, 442, 443, 444, 445, 446, 448], "excluded_lines": [], "executed_branches": [], "missing_branches": [[441, 442], [441, 448], [442, 443], [442, 444]]}, "InMemoryCache._evict_fifo": {"executed_lines": [], "summary": {"covered_lines": 0, "num_statements": 11, "percent_covered": 0.0, "percent_covered_display": "0.00", "missing_lines": 11, "excluded_lines": 0, "num_branches": 6, "num_partial_branches": 0, "covered_branches": 0, "missing_branches": 6}, "missing_lines": [452, 453, 455, 456, 457, 458, 459, 461, 462, 463, 465], "excluded_lines": [], "executed_branches": [], "missing_branches": [[455, 456], [455, 461], [456, 457], [456, 458], [461, 462], [461, 465]]}, "InMemoryCache._evict_random": {"executed_lines": [], "summary": {"covered_lines": 0, "num_statements": 12, "percent_covered": 0.0, "percent_covered_display": "0.00", "missing_lines": 12, "excluded_lines": 0, "num_branches": 4, "num_partial_branches": 0, "covered_branches": 0, "missing_branches": 4}, "missing_lines": [469, 471, 472, 473, 475, 476, 477, 478, 479, 480, 481, 483], "excluded_lines": [], "executed_branches": [], "missing_branches": [[475, 476], [475, 483], [476, 477], [476, 478]]}, "InMemoryCache._cleanup_expired": {"executed_lines": [], "summary": {"covered_lines": 0, "num_statements": 4, "percent_covered": 0.0, "percent_covered_display": "0.00", "missing_lines": 4, "excluded_lines": 0, "num_branches": 2, "num_partial_branches": 0, "covered_branches": 0, "missing_branches": 2}, "missing_lines": [487, 488, 493, 494], "excluded_lines": [], "executed_branches": [], "missing_branches": [[493, -485], [493, 494]]}, "InMemoryCache.get_metrics": {"executed_lines": [], "summary": {"covered_lines": 0, "num_statements": 4, "percent_covered": 0.0, "percent_covered_display": "0.00", "missing_lines": 4, "excluded_lines": 0, "num_branches": 0, "num_partial_branches": 0, "covered_branches": 0, "missing_branches": 0}, "missing_lines": [498, 499, 500, 502], "excluded_lines": [], "executed_branches": [], "missing_branches": []}, "InMemoryCache.clear": {"executed_lines": [], "summary": {"covered_lines": 0, "num_statements": 4, "percent_covered": 0.0, "percent_covered_display": "0.00", "missing_lines": 4, "excluded_lines": 0, "num_branches": 0, "num_partial_branches": 0, "covered_branches": 0, "missing_branches": 0}, "missing_lines": [514, 515, 516, 517], "excluded_lines": [], "executed_branches": [], "missing_branches": []}, "RedisCache.__init__": {"executed_lines": [], "summary": {"covered_lines": 0, "num_statements": 14, "percent_covered": 0.0, "percent_covered_display": "0.00", "missing_lines": 14, "excluded_lines": 0, "num_branches": 2, "num_partial_branches": 0, "covered_branches": 0, "missing_branches": 2}, "missing_lines": [524, 525, 526, 528, 529, 530, 532, 540, 541, 542, 544, 545, 546, 547], "excluded_lines": [], "executed_branches": [], "missing_branches": [[529, 530], [529, 532]]}, "RedisCache.get": {"executed_lines": [], "summary": {"covered_lines": 0, "num_statements": 20, "percent_covered": 0.0, "percent_covered_display": "0.00", "missing_lines": 20, "excluded_lines": 0, "num_branches": 6, "num_partial_branches": 0, "covered_branches": 0, "missing_branches": 6}, "missing_lines": [552, 553, 555, 557, 558, 559, 560, 562, 564, 565, 568, 569, 572, 573, 576, 579, 582, 584, 585, 586], "excluded_lines": [], "executed_branches": [], "missing_branches": [[552, 553], [552, 555], [564, 565], [564, 568], [572, 573], [572, 576]]}, "RedisCache.set": {"executed_lines": [], "summary": {"covered_lines": 0, "num_statements": 21, "percent_covered": 0.0, "percent_covered_display": "0.00", "missing_lines": 21, "excluded_lines": 0, "num_branches": 6, "num_partial_branches": 0, "covered_branches": 0, "missing_branches": 6}, "missing_lines": [592, 593, 595, 597, 600, 603, 604, 607, 611, 612, 613, 616, 619, 620, 621, 629, 630, 632, 634, 635, 636], "excluded_lines": [], "executed_branches": [], "missing_branches": [[592, 593], [592, 595], [604, 607], [604, 616], [611, 612], [611, 616]]}, "RedisCache.delete": {"executed_lines": [], "summary": {"covered_lines": 0, "num_statements": 11, "percent_covered": 0.0, "percent_covered_display": "0.00", "missing_lines": 11, "excluded_lines": 0, "num_branches": 2, "num_partial_branches": 0, "covered_branches": 0, "missing_branches": 2}, "missing_lines": [640, 641, 643, 644, 645, 646, 647, 648, 650, 651, 652], "excluded_lines": [], "executed_branches": [], "missing_branches": [[640, 641], [640, 643]]}, "RedisCache.invalidate_by_tags": {"executed_lines": [], "summary": {"covered_lines": 0, "num_statements": 22, "percent_covered": 0.0, "percent_covered_display": "0.00", "missing_lines": 22, "excluded_lines": 0, "num_branches": 12, "num_partial_branches": 0, "covered_branches": 0, "missing_branches": 12}, "missing_lines": [656, 657, 659, 661, 662, 664, 665, 666, 667, 668, 670, 671, 674, 675, 676, 677, 678, 679, 681, 683, 684, 685], "excluded_lines": [], "executed_branches": [], "missing_branches": [[656, 657], [656, 659], [664, 665], [664, 674], [666, 664], [666, 667], [668, 664], [668, 670], [674, 675], [674, 681], [676, 677], [676, 679]]}, "RedisCache.get_metrics": {"executed_lines": [], "summary": {"covered_lines": 0, "num_statements": 8, "percent_covered": 0.0, "percent_covered_display": "0.00", "missing_lines": 8, "excluded_lines": 0, "num_branches": 2, "num_partial_branches": 0, "covered_branches": 0, "missing_branches": 2}, "missing_lines": [689, 690, 692, 693, 695, 705, 706, 707], "excluded_lines": [], "executed_branches": [], "missing_branches": [[689, 690], [689, 692]]}, "DiskCache.__init__": {"executed_lines": [], "summary": {"covered_lines": 0, "num_statements": 9, "percent_covered": 0.0, "percent_covered_display": "0.00", "missing_lines": 9, "excluded_lines": 0, "num_branches": 0, "num_partial_branches": 0, "covered_branches": 0, "missing_branches": 0}, "missing_lines": [714, 715, 716, 717, 720, 723, 724, 727, 728], "excluded_lines": [], "executed_branches": [], "missing_branches": []}, "DiskCache._init_db": {"executed_lines": [], "summary": {"covered_lines": 0, "num_statements": 5, "percent_covered": 0.0, "percent_covered_display": "0.00", "missing_lines": 5, "excluded_lines": 0, "num_branches": 0, "num_partial_branches": 0, "covered_branches": 0, "missing_branches": 0}, "missing_lines": [732, 733, 735, 750, 751], "excluded_lines": [], "executed_branches": [], "missing_branches": []}, "DiskCache.get": {"executed_lines": [], "summary": {"covered_lines": 0, "num_statements": 27, "percent_covered": 0.0, "percent_covered_display": "0.00", "missing_lines": 27, "excluded_lines": 0, "num_branches": 8, "num_partial_branches": 0, "covered_branches": 0, "missing_branches": 8}, "missing_lines": [755, 756, 758, 760, 766, 767, 768, 770, 773, 774, 775, 778, 779, 780, 781, 783, 784, 787, 788, 791, 794, 799, 801, 803, 804, 805, 807], "excluded_lines": [], "executed_branches": [], "missing_branches": [[767, 768], [767, 770], [773, 774], [773, 778], [779, 780], [779, 783], [787, 788], [787, 791]]}, "DiskCache.set": {"executed_lines": [], "summary": {"covered_lines": 0, "num_statements": 24, "percent_covered": 0.0, "percent_covered_display": "0.00", "missing_lines": 24, "excluded_lines": 0, "num_branches": 4, "num_partial_branches": 0, "covered_branches": 0, "missing_branches": 4}, "missing_lines": [812, 814, 817, 820, 821, 824, 828, 829, 830, 833, 834, 835, 838, 841, 842, 845, 846, 848, 859, 860, 862, 864, 865, 866], "excluded_lines": [], "executed_branches": [], "missing_branches": [[821, 824], [821, 833], [828, 829], [828, 833]]}, "DiskCache.delete": {"executed_lines": [], "summary": {"covered_lines": 0, "num_statements": 18, "percent_covered": 0.0, "percent_covered_display": "0.00", "missing_lines": 18, "excluded_lines": 0, "num_branches": 4, "num_partial_branches": 0, "covered_branches": 0, "missing_branches": 4}, "missing_lines": [870, 871, 873, 875, 876, 878, 879, 880, 883, 884, 887, 888, 890, 892, 894, 895, 896, 898], "excluded_lines": [], "executed_branches": [], "missing_branches": [[878, 879], [878, 892], [883, 884], [883, 887]]}, "DiskCache._cleanup_loop": {"executed_lines": [], "summary": {"covered_lines": 0, "num_statements": 7, "percent_covered": 0.0, "percent_covered_display": "0.00", "missing_lines": 7, "excluded_lines": 0, "num_branches": 0, "num_partial_branches": 0, "covered_branches": 0, "missing_branches": 0}, "missing_lines": [902, 903, 904, 905, 906, 907, 908], "excluded_lines": [], "executed_branches": [], "missing_branches": []}, "DiskCache._cleanup_expired": {"executed_lines": [], "summary": {"covered_lines": 0, "num_statements": 8, "percent_covered": 0.0, "percent_covered_display": "0.00", "missing_lines": 8, "excluded_lines": 0, "num_branches": 2, "num_partial_branches": 0, "covered_branches": 0, "missing_branches": 2}, "missing_lines": [912, 913, 915, 917, 923, 926, 927, 930], "excluded_lines": [], "executed_branches": [], "missing_branches": [[926, 927], [926, 930]]}, "MultiTierCache.__init__": {"executed_lines": [], "summary": {"covered_lines": 0, "num_statements": 7, "percent_covered": 0.0, "percent_covered_display": "0.00", "missing_lines": 7, "excluded_lines": 0, "num_branches": 0, "num_partial_branches": 0, "covered_branches": 0, "missing_branches": 0}, "missing_lines": [937, 940, 941, 942, 945, 946, 949], "excluded_lines": [], "executed_branches": [], "missing_branches": []}, "MultiTierCache.get": {"executed_lines": [], "summary": {"covered_lines": 0, "num_statements": 14, "percent_covered": 0.0, "percent_covered_display": "0.00", "missing_lines": 14, "excluded_lines": 0, "num_branches": 8, "num_partial_branches": 0, "covered_branches": 0, "missing_branches": 8}, "missing_lines": [955, 956, 957, 960, 961, 963, 964, 967, 968, 970, 971, 972, 973, 975], "excluded_lines": [], "executed_branches": [], "missing_branches": [[956, 957], [956, 960], [961, 963], [961, 967], [968, 970], [968, 975], [971, 972], [971, 973]]}, "MultiTierCache.set": {"executed_lines": [], "summary": {"covered_lines": 0, "num_statements": 9, "percent_covered": 0.0, "percent_covered_display": "0.00", "missing_lines": 9, "excluded_lines": 0, "num_branches": 6, "num_partial_branches": 0, "covered_branches": 0, "missing_branches": 6}, "missing_lines": [981, 984, 987, 988, 991, 992, 995, 996, 998], "excluded_lines": [], "executed_branches": [], "missing_branches": [[987, 988], [987, 991], [991, 992], [991, 995], [995, 996], [995, 998]]}, "MultiTierCache.delete": {"executed_lines": [], "summary": {"covered_lines": 0, "num_statements": 1, "percent_covered": 0.0, "percent_covered_display": "0.00", "missing_lines": 1, "excluded_lines": 0, "num_branches": 0, "num_partial_branches": 0, "covered_branches": 0, "missing_branches": 0}, "missing_lines": [1002], "excluded_lines": [], "executed_branches": [], "missing_branches": []}, "MultiTierCache.invalidate_by_tags": {"executed_lines": [], "summary": {"covered_lines": 0, "num_statements": 1, "percent_covered": 0.0, "percent_covered_display": "0.00", "missing_lines": 1, "excluded_lines": 0, "num_branches": 0, "num_partial_branches": 0, "covered_branches": 0, "missing_branches": 0}, "missing_lines": [1010], "excluded_lines": [], "executed_branches": [], "missing_branches": []}, "MultiTierCache.warm_cache": {"executed_lines": [], "summary": {"covered_lines": 0, "num_statements": 10, "percent_covered": 0.0, "percent_covered_display": "0.00", "missing_lines": 10, "excluded_lines": 0, "num_branches": 4, "num_partial_branches": 0, "covered_branches": 0, "missing_branches": 4}, "missing_lines": [1020, 1030, 1031, 1032, 1033, 1036, 1037, 1038, 1039, 1040], "excluded_lines": [], "executed_branches": [], "missing_branches": [[1031, 1032], [1031, 1036], [1036, -1016], [1036, 1037]]}, "MultiTierCache.warm_cache.warm_item": {"executed_lines": [], "summary": {"covered_lines": 0, "num_statements": 7, "percent_covered": 0.0, "percent_covered_display": "0.00", "missing_lines": 7, "excluded_lines": 0, "num_branches": 0, "num_partial_branches": 0, "covered_branches": 0, "missing_branches": 0}, "missing_lines": [1021, 1022, 1023, 1024, 1025, 1026, 1027], "excluded_lines": [], "executed_branches": [], "missing_branches": []}, "MultiTierCache._trigger_prefetching": {"executed_lines": [], "summary": {"covered_lines": 0, "num_statements": 3, "percent_covered": 0.0, "percent_covered_display": "0.00", "missing_lines": 3, "excluded_lines": 0, "num_branches": 2, "num_partial_branches": 0, "covered_branches": 0, "missing_branches": 2}, "missing_lines": [1045, 1071, 1072], "excluded_lines": [], "executed_branches": [], "missing_branches": [[1071, -1042], [1071, 1072]]}, "MultiTierCache._trigger_prefetching.prefetch_task": {"executed_lines": [], "summary": {"covered_lines": 0, "num_statements": 9, "percent_covered": 0.0, "percent_covered_display": "0.00", "missing_lines": 9, "excluded_lines": 0, "num_branches": 4, "num_partial_branches": 0, "covered_branches": 0, "missing_branches": 4}, "missing_lines": [1046, 1050, 1053, 1055, 1056, 1062, 1065, 1067, 1068], "excluded_lines": [], "executed_branches": [], "missing_branches": [[1053, 1055], [1053, 1062], [1062, -1045], [1062, 1065]]}, "MultiTierCache.get_metrics": {"executed_lines": [], "summary": {"covered_lines": 0, "num_statements": 5, "percent_covered": 0.0, "percent_covered_display": "0.00", "missing_lines": 5, "excluded_lines": 0, "num_branches": 0, "num_partial_branches": 0, "covered_branches": 0, "missing_branches": 0}, "missing_lines": [1077, 1078, 1080, 1081, 1083], "excluded_lines": [], "executed_branches": [], "missing_branches": []}, "cached": {"executed_lines": [], "summary": {"covered_lines": 0, "num_statements": 3, "percent_covered": 0.0, "percent_covered_display": "0.00", "missing_lines": 3, "excluded_lines": 0, "num_branches": 0, "num_partial_branches": 0, "covered_branches": 0, "missing_branches": 0}, "missing_lines": [1101, 1102, 1127], "excluded_lines": [], "executed_branches": [], "missing_branches": []}, "cached.decorator": {"executed_lines": [], "summary": {"covered_lines": 0, "num_statements": 2, "percent_covered": 0.0, "percent_covered_display": "0.00", "missing_lines": 2, "excluded_lines": 0, "num_branches": 0, "num_partial_branches": 0, "covered_branches": 0, "missing_branches": 0}, "missing_lines": [1103, 1126], "excluded_lines": [], "executed_branches": [], "missing_branches": []}, "cached.decorator.wrapper": {"executed_lines": [], "summary": {"covered_lines": 0, "num_statements": 10, "percent_covered": 0.0, "percent_covered_display": "0.00", "missing_lines": 10, "excluded_lines": 0, "num_branches": 6, "num_partial_branches": 0, "covered_branches": 0, "missing_branches": 6}, "missing_lines": [1105, 1110, 1113, 1114, 1115, 1116, 1119, 1121, 1122, 1124], "excluded_lines": [], "executed_branches": [], "missing_branches": [[1113, 1114], [1113, 1119], [1115, 1116], [1115, 1119], [1121, 1122], [1121, 1124]]}, "QueryCache.__init__": {"executed_lines": [], "summary": {"covered_lines": 0, "num_statements": 2, "percent_covered": 0.0, "percent_covered_display": "0.00", "missing_lines": 2, "excluded_lines": 0, "num_branches": 0, "num_partial_branches": 0, "covered_branches": 0, "missing_branches": 0}, "missing_lines": [1135, 1136], "excluded_lines": [], "executed_branches": [], "missing_branches": []}, "QueryCache.get_or_execute": {"executed_lines": [], "summary": {"covered_lines": 0, "num_statements": 15, "percent_covered": 0.0, "percent_covered_display": "0.00", "missing_lines": 15, "excluded_lines": 0, "num_branches": 4, "num_partial_branches": 0, "covered_branches": 0, "missing_branches": 4}, "missing_lines": [1142, 1143, 1144, 1145, 1146, 1149, 1150, 1151, 1154, 1155, 1156, 1159, 1160, 1162, 1164], "excluded_lines": [], "executed_branches": [], "missing_branches": [[1142, 1143], [1142, 1149], [1144, 1145], [1144, 1149]]}, "QueryCache.get_query_stats": {"executed_lines": [], "summary": {"covered_lines": 0, "num_statements": 1, "percent_covered": 0.0, "percent_covered_display": "0.00", "missing_lines": 1, "excluded_lines": 0, "num_branches": 0, "num_partial_branches": 0, "covered_branches": 0, "missing_branches": 0}, "missing_lines": [1168], "excluded_lines": [], "executed_branches": [], "missing_branches": []}, "create_caching_system": {"executed_lines": [], "summary": {"covered_lines": 0, "num_statements": 3, "percent_covered": 0.0, "percent_covered_display": "0.00", "missing_lines": 3, "excluded_lines": 0, "num_branches": 2, "num_partial_branches": 0, "covered_branches": 0, "missing_branches": 2}, "missing_lines": [1174, 1175, 1177], "excluded_lines": [], "executed_branches": [], "missing_branches": [[1174, 1175], [1174, 1177]]}, "get_global_cache": {"executed_lines": [], "summary": {"covered_lines": 0, "num_statements": 3, "percent_covered": 0.0, "percent_covered_display": "0.00", "missing_lines": 3, "excluded_lines": 0, "num_branches": 2, "num_partial_branches": 0, "covered_branches": 0, "missing_branches": 2}, "missing_lines": [1186, 1187, 1188], "excluded_lines": [], "executed_branches": [], "missing_branches": [[1186, 1187], [1186, 1188]]}, "": {"executed_lines": [], "summary": {"covered_lines": 0, "num_statements": 134, "percent_covered": 0.0, "percent_covered_display": "0.00", "missing_lines": 134, "excluded_lines": 3, "num_branches": 0, "num_partial_branches": 0, "covered_branches": 0, "missing_branches": 0}, "missing_lines": [15, 16, 17, 18, 19, 20, 21, 22, 23, 24, 25, 26, 27, 28, 29, 30, 31, 32, 33, 34, 35, 36, 37, 38, 39, 40, 42, 43, 44, 46, 49, 50, 52, 53, 54, 55, 56, 57, 58, 60, 61, 66, 67, 69, 70, 71, 72, 73, 74, 75, 76, 77, 78, 80, 84, 85, 90, 91, 95, 96, 98, 99, 100, 101, 102, 103, 104, 105, 106, 107, 108, 111, 114, 126, 148, 161, 177, 180, 198, 217, 234, 242, 253, 256, 272, 277, 287, 316, 353, 365, 379, 396, 404, 415, 433, 450, 467, 485, 496, 512, 520, 523, 549, 550, 588, 589, 638, 654, 687, 710, 713, 730, 753, 809, 868, 900, 910, 933, 936, 951, 977, 1000, 1008, 1016, 1042, 1074, 1098, 1131, 1134, 1138, 1166, 1172, 1181, 1183], "excluded_lines": [1191, 1192, 1193], "executed_branches": [], "missing_branches": []}}, "classes": {"CacheMetrics": {"executed_lines": [], "summary": {"covered_lines": 0, "num_statements": 2, "percent_covered": 0.0, "percent_covered_display": "0.00", "missing_lines": 2, "excluded_lines": 0, "num_branches": 0, "num_partial_branches": 0, "covered_branches": 0, "missing_branches": 0}, "missing_lines": [62, 63], "excluded_lines": [], "executed_branches": [], "missing_branches": []}, "CacheItem": {"executed_lines": [], "summary": {"covered_lines": 0, "num_statements": 6, "percent_covered": 0.0, "percent_covered_display": "0.00", "missing_lines": 6, "excluded_lines": 0, "num_branches": 4, "num_partial_branches": 0, "covered_branches": 0, "missing_branches": 4}, "missing_lines": [81, 82, 86, 87, 88, 92], "excluded_lines": [], "executed_branches": [], "missing_branches": [[81, -80], [81, 82], [86, 87], [86, 88]]}, "CacheConfig": {"executed_lines": [], "summary": {"covered_lines": 0, "num_statements": 0, "percent_covered": 100.0, "percent_covered_display": "100.00", "missing_lines": 0, "excluded_lines": 0, "num_branches": 0, "num_partial_branches": 0, "covered_branches": 0, "missing_branches": 0}, "missing_lines": [], "excluded_lines": [], "executed_branches": [], "missing_branches": []}, "CompressionManager": {"executed_lines": [], "summary": {"covered_lines": 0, "num_statements": 37, "percent_covered": 0.0, "percent_covered_display": "0.00", "missing_lines": 37, "excluded_lines": 0, "num_branches": 8, "num_partial_branches": 0, "covered_branches": 0, "missing_branches": 8}, "missing_lines": [115, 120, 121, 122, 123, 124, 128, 129, 131, 132, 134, 135, 136, 137, 139, 142, 144, 145, 146, 150, 151, 153, 155, 156, 157, 158, 159, 163, 164, 165, 167, 168, 169, 170, 171, 172, 174], "excluded_lines": [], "executed_branches": [], "missing_branches": [[128, 129], [128, 131], [150, 151], [150, 153], [167, 168], [167, 174], [169, 167], [169, 170]]}, "SerializationManager": {"executed_lines": [], "summary": {"covered_lines": 0, "num_statements": 42, "percent_covered": 0.0, "percent_covered_display": "0.00", "missing_lines": 42, "excluded_lines": 0, "num_branches": 16, "num_partial_branches": 0, "covered_branches": 0, "missing_branches": 16}, "missing_lines": [181, 186, 187, 188, 189, 190, 192, 193, 194, 195, 196, 200, 201, 203, 204, 205, 207, 208, 209, 210, 212, 215, 219, 220, 222, 223, 224, 225, 226, 227, 229, 232, 236, 237, 238, 239, 240, 244, 245, 247, 248, 250], "excluded_lines": [], "executed_branches": [], "missing_branches": [[200, 201], [200, 203], [203, 204], [203, 215], [205, 207], [205, 212], [219, 220], [219, 222], [222, 223], [222, 232], [224, 225], [224, 229], [244, 245], [244, 247], [247, 248], [247, 250]]}, "InMemoryCache": {"executed_lines": [], "summary": {"covered_lines": 0, "num_statements": 144, "percent_covered": 0.0, "percent_covered_display": "0.00", "missing_lines": 144, "excluded_lines": 0, "num_branches": 60, "num_partial_branches": 0, "covered_branches": 0, "missing_branches": 60}, "missing_lines": [257, 258, 259, 260, 261, 264, 265, 266, 269, 270, 274, 275, 279, 280, 281, 282, 283, 284, 285, 289, 290, 291, 292, 294, 297, 298, 299, 300, 301, 302, 305, 306, 307, 308, 311, 313, 314, 319, 321, 324, 325, 326, 329, 342, 343, 344, 347, 348, 349, 351, 355, 356, 357, 358, 359, 360, 361, 362, 363, 367, 368, 370, 371, 372, 374, 375, 377, 381, 382, 383, 384, 385, 386, 387, 388, 389, 392, 393, 394, 398, 399, 401, 406, 407, 408, 409, 410, 411, 413, 417, 418, 421, 422, 423, 424, 425, 427, 428, 429, 431, 435, 438, 441, 442, 443, 444, 445, 446, 448, 452, 453, 455, 456, 457, 458, 459, 461, 462, 463, 465, 469, 471, 472, 473, 475, 476, 477, 478, 479, 480, 481, 483, 487, 488, 493, 494, 498, 499, 500, 502, 514, 515, 516, 517], "excluded_lines": [], "executed_branches": [], "missing_branches": [[290, 291], [290, 294], [297, 298], [297, 305], [299, 300], [299, 301], [324, 325], [324, 329], [325, 326], [325, 329], [342, 343], [342, 347], [356, 357], [356, 363], [358, 359], [358, 360], [360, 361], [360, 362], [370, 371], [370, 374], [371, 370], [371, 372], [374, 375], [374, 377], [382, 383], [382, 384], [384, 385], [384, 386], [386, 387], [386, 388], [388, 389], [388, 392], [406, 407], [406, 408], [408, 409], [408, 410], [410, 411], [410, 413], [421, 422], [421, 427], [422, 423], [422, 424], [427, 428], [427, 431], [441, 442], [441, 448], [442, 443], [442, 444], [455, 456], [455, 461], [456, 457], [456, 458], [461, 462], [461, 465], [475, 476], [475, 483], [476, 477], [476, 478], [493, -485], [493, 494]]}, "RedisCache": {"executed_lines": [], "summary": {"covered_lines": 0, "num_statements": 96, "percent_covered": 0.0, "percent_covered_display": "0.00", "missing_lines": 96, "excluded_lines": 0, "num_branches": 30, "num_partial_branches": 0, "covered_branches": 0, "missing_branches": 30}, "missing_lines": [524, 525, 526, 528, 529, 530, 532, 540, 541, 542, 544, 545, 546, 547, 552, 553, 555, 557, 558, 559, 560, 562, 564, 565, 568, 569, 572, 573, 576, 579, 582, 584, 585, 586, 592, 593, 595, 597, 600, 603, 604, 607, 611, 612, 613, 616, 619, 620, 621, 629, 630, 632, 634, 635, 636, 640, 641, 643, 644, 645, 646, 647, 648, 650, 651, 652, 656, 657, 659, 661, 662, 664, 665, 666, 667, 668, 670, 671, 674, 675, 676, 677, 678, 679, 681, 683, 684, 685, 689, 690, 692, 693, 695, 705, 706, 707], "excluded_lines": [], "executed_branches": [], "missing_branches": [[529, 530], [529, 532], [552, 553], [552, 555], [564, 565], [564, 568], [572, 573], [572, 576], [592, 593], [592, 595], [604, 607], [604, 616], [611, 612], [611, 616], [640, 641], [640, 643], [656, 657], [656, 659], [664, 665], [664, 674], [666, 664], [666, 667], [668, 664], [668, 670], [674, 675], [674, 681], [676, 677], [676, 679], [689, 690], [689, 692]]}, "DiskCache": {"executed_lines": [], "summary": {"covered_lines": 0, "num_statements": 98, "percent_covered": 0.0, "percent_covered_display": "0.00", "missing_lines": 98, "excluded_lines": 0, "num_branches": 18, "num_partial_branches": 0, "covered_branches": 0, "missing_branches": 18}, "missing_lines": [714, 715, 716, 717, 720, 723, 724, 727, 728, 732, 733, 735, 750, 751, 755, 756, 758, 760, 766, 767, 768, 770, 773, 774, 775, 778, 779, 780, 781, 783, 784, 787, 788, 791, 794, 799, 801, 803, 804, 805, 807, 812, 814, 817, 820, 821, 824, 828, 829, 830, 833, 834, 835, 838, 841, 842, 845, 846, 848, 859, 860, 862, 864, 865, 866, 870, 871, 873, 875, 876, 878, 879, 880, 883, 884, 887, 888, 890, 892, 894, 895, 896, 898, 902, 903, 904, 905, 906, 907, 908, 912, 913, 915, 917, 923, 926, 927, 930], "excluded_lines": [], "executed_branches": [], "missing_branches": [[767, 768], [767, 770], [773, 774], [773, 778], [779, 780], [779, 783], [787, 788], [787, 791], [821, 824], [821, 833], [828, 829], [828, 833], [878, 879], [878, 892], [883, 884], [883, 887], [926, 927], [926, 930]]}, "MultiTierCache": {"executed_lines": [], "summary": {"covered_lines": 0, "num_statements": 66, "percent_covered": 0.0, "percent_covered_display": "0.00", "missing_lines": 66, "excluded_lines": 0, "num_branches": 24, "num_partial_branches": 0, "covered_branches": 0, "missing_branches": 24}, "missing_lines": [937, 940, 941, 942, 945, 946, 949, 955, 956, 957, 960, 961, 963, 964, 967, 968, 970, 971, 972, 973, 975, 981, 984, 987, 988, 991, 992, 995, 996, 998, 1002, 1010, 1020, 1021, 1022, 1023, 1024, 1025, 1026, 1027, 1030, 1031, 1032, 1033, 1036, 1037, 1038, 1039, 1040, 1045, 1046, 1050, 1053, 1055, 1056, 1062, 1065, 1067, 1068, 1071, 1072, 1077, 1078, 1080, 1081, 1083], "excluded_lines": [], "executed_branches": [], "missing_branches": [[956, 957], [956, 960], [961, 963], [961, 967], [968, 970], [968, 975], [971, 972], [971, 973], [987, 988], [987, 991], [991, 992], [991, 995], [995, 996], [995, 998], [1031, 1032], [1031, 1036], [1036, -1016], [1036, 1037], [1053, 1055], [1053, 1062], [1062, -1045], [1062, 1065], [1071, -1042], [1071, 1072]]}, "QueryCache": {"executed_lines": [], "summary": {"covered_lines": 0, "num_statements": 18, "percent_covered": 0.0, "percent_covered_display": "0.00", "missing_lines": 18, "excluded_lines": 0, "num_branches": 4, "num_partial_branches": 0, "covered_branches": 0, "missing_branches": 4}, "missing_lines": [1135, 1136, 1142, 1143, 1144, 1145, 1146, 1149, 1150, 1151, 1154, 1155, 1156, 1159, 1160, 1162, 1164, 1168], "excluded_lines": [], "executed_branches": [], "missing_branches": [[1142, 1143], [1142, 1149], [1144, 1145], [1144, 1149]]}, "": {"executed_lines": [], "summary": {"covered_lines": 0, "num_statements": 155, "percent_covered": 0.0, "percent_covered_display": "0.00", "missing_lines": 155, "excluded_lines": 3, "num_branches": 10, "num_partial_branches": 0, "covered_branches": 0, "missing_branches": 10}, "missing_lines": [15, 16, 17, 18, 19, 20, 21, 22, 23, 24, 25, 26, 27, 28, 29, 30, 31, 32, 33, 34, 35, 36, 37, 38, 39, 40, 42, 43, 44, 46, 49, 50, 52, 53, 54, 55, 56, 57, 58, 60, 61, 66, 67, 69, 70, 71, 72, 73, 74, 75, 76, 77, 78, 80, 84, 85, 90, 91, 95, 96, 98, 99, 100, 101, 102, 103, 104, 105, 106, 107, 108, 111, 114, 126, 148, 161, 177, 180, 198, 217, 234, 242, 253, 256, 272, 277, 287, 316, 353, 365, 379, 396, 404, 415, 433, 450, 467, 485, 496, 512, 520, 523, 549, 550, 588, 589, 638, 654, 687, 710, 713, 730, 753, 809, 868, 900, 910, 933, 936, 951, 977, 1000, 1008, 1016, 1042, 1074, 1098, 1101, 1102, 1103, 1105, 1110, 1113, 1114, 1115, 1116, 1119, 1121, 1122, 1124, 1126, 1127, 1131, 1134, 1138, 1166, 1172, 1174, 1175, 1177, 1181, 1183, 1186, 1187, 1188], "excluded_lines": [1191, 1192, 1193], "executed_branches": [], "missing_branches": [[1113, 1114], [1113, 1119], [1115, 1116], [1115, 1119], [1121, 1122], [1121, 1124], [1174, 1175], [1174, 1177], [1186, 1187], [1186, 1188]]}}}, "src/advanced_monitoring.py": {"executed_lines": [], "summary": {"covered_lines": 0, "num_statements": 484, "percent_covered": 0.0, "percent_covered_display": "0.00", "missing_lines": 484, "excluded_lines": 4, "num_branches": 124, "num_partial_branches": 0, "covered_branches": 0, "missing_branches": 124}, "missing_lines": [14, 15, 16, 17, 18, 19, 20, 21, 22, 23, 24, 25, 26, 27, 28, 29, 30, 31, 32, 33, 34, 36, 37, 39, 42, 44, 45, 46, 47, 50, 52, 53, 54, 55, 58, 61, 62, 63, 64, 65, 66, 67, 68, 70, 72, 73, 74, 75, 76, 78, 80, 81, 82, 83, 85, 86, 87, 88, 90, 92, 94, 96, 97, 99, 111, 112, 114, 115, 116, 117, 118, 119, 120, 121, 122, 123, 124, 126, 127, 128, 131, 132, 134, 135, 136, 137, 138, 139, 140, 141, 142, 143, 144, 145, 147, 148, 149, 152, 155, 156, 157, 159, 167, 169, 170, 172, 173, 176, 177, 179, 180, 182, 183, 185, 186, 187, 189, 191, 194, 197, 198, 199, 201, 206, 209, 211, 213, 214, 215, 216, 217, 218, 220, 221, 222, 225, 226, 227, 228, 230, 244, 247, 248, 249, 250, 252, 254, 255, 257, 258, 259, 262, 265, 267, 268, 269, 270, 272, 273, 274, 277, 291, 298, 299, 300, 302, 303, 304, 307, 310, 311, 312, 314, 319, 328, 336, 338, 341, 342, 344, 345, 347, 348, 349, 351, 352, 354, 355, 356, 359, 360, 361, 362, 363, 364, 365, 366, 367, 368, 369, 370, 372, 375, 376, 378, 379, 381, 384, 391, 393, 395, 397, 399, 401, 408, 409, 410, 411, 412, 414, 415, 423, 426, 429, 430, 431, 432, 433, 434, 436, 438, 439, 441, 442, 443, 444, 446, 448, 449, 450, 451, 453, 455, 456, 458, 459, 462, 463, 465, 466, 468, 470, 474, 475, 478, 479, 480, 481, 484, 485, 486, 487, 490, 492, 518, 522, 525, 526, 527, 530, 532, 545, 548, 551, 552, 554, 555, 558, 559, 560, 563, 564, 566, 586, 589, 590, 591, 592, 593, 594, 597, 598, 599, 602, 603, 604, 607, 609, 613, 614, 615, 616, 617, 618, 619, 622, 633, 644, 655, 667, 676, 685, 687, 688, 690, 692, 693, 695, 697, 699, 700, 702, 704, 705, 707, 709, 710, 712, 713, 714, 715, 717, 719, 721, 722, 723, 724, 726, 728, 730, 731, 733, 736, 739, 742, 744, 745, 747, 749, 751, 753, 754, 757, 758, 761, 762, 764, 765, 767, 769, 770, 771, 772, 773, 775, 778, 779, 781, 782, 784, 785, 788, 791, 792, 793, 794, 795, 796, 797, 798, 799, 800, 801, 802, 803, 806, 808, 826, 827, 828, 830, 832, 833, 834, 836, 837, 839, 841, 844, 845, 846, 847, 848, 849, 850, 851, 852, 854, 856, 858, 859, 860, 863, 865, 866, 868, 869, 882, 883, 885, 886, 888, 891, 892, 893, 895, 896, 898, 899, 914, 915, 917, 918, 920, 924, 925, 926, 927, 928, 931, 932, 933, 944, 947, 949, 962, 965, 966, 967, 968, 969, 971, 972, 974, 976, 979, 980, 981, 982, 983, 985, 986, 988, 989, 991, 995, 999, 1002, 1004, 1005, 1007, 1008, 1009, 1011, 1012, 1015, 1016, 1017, 1019, 1021, 1023, 1024, 1026, 1027], "excluded_lines": [203, 1030, 1031, 1032], "executed_branches": [], "missing_branches": [[75, -70], [75, 76], [85, 86], [85, 90], [86, 85], [86, 87], [96, 97], [96, 99], [127, -126], [127, 128], [148, -147], [148, 149], [169, 170], [169, 172], [179, 180], [179, 182], [185, 186], [185, 189], [220, 221], [220, 225], [248, 249], [248, 252], [272, 273], [272, 277], [341, 342], [341, 344], [347, 348], [347, 351], [354, 355], [354, 359], [359, 360], [359, 361], [361, 362], [361, 363], [363, 364], [363, 365], [365, 366], [365, 367], [367, 368], [367, 369], [369, 370], [369, 372], [378, 379], [378, 381], [391, 393], [391, 397], [408, 409], [408, 423], [409, 410], [409, 411], [411, 412], [411, 414], [438, 439], [438, 441], [449, 450], [449, 451], [455, -453], [455, 456], [554, 555], [554, 558], [692, 693], [692, 695], [709, 710], [709, 712], [722, 723], [722, 724], [730, -728], [730, 731], [769, -767], [769, 770], [778, 779], [778, 781], [784, 785], [784, 788], [792, 793], [792, 794], [794, 795], [794, 796], [796, 797], [796, 798], [798, 799], [798, 800], [800, 801], [800, 802], [802, 803], [802, 806], [806, 808], [806, 830], [830, -775], [830, 832], [844, -841], [844, 845], [845, 846], [845, 854], [849, 844], [849, 850], [859, -856], [859, 860], [863, 859], [863, 865], [868, 859], [868, 869], [892, -888], [892, 893], [895, 892], [895, 896], [898, 892], [898, 899], [925, 926], [925, 931], [927, 925], [927, 928], [932, 933], [932, 944], [965, 966], [965, 974], [966, 965], [966, 967], [979, 980], [979, 991], [980, 979], [980, 981], [1004, 1005], [1004, 1007]], "functions": {"MonitoringMetric.__init__": {"executed_lines": [], "summary": {"covered_lines": 0, "num_statements": 7, "percent_covered": 0.0, "percent_covered_display": "0.00", "missing_lines": 7, "excluded_lines": 0, "num_branches": 0, "num_partial_branches": 0, "covered_branches": 0, "missing_branches": 0}, "missing_lines": [62, 63, 64, 65, 66, 67, 68], "excluded_lines": [], "executed_branches": [], "missing_branches": []}, "MonitoringMetric.record": {"executed_lines": [], "summary": {"covered_lines": 0, "num_statements": 5, "percent_covered": 0.0, "percent_covered_display": "0.00", "missing_lines": 5, "excluded_lines": 0, "num_branches": 2, "num_partial_branches": 0, "covered_branches": 0, "missing_branches": 2}, "missing_lines": [72, 73, 74, 75, 76], "excluded_lines": [], "executed_branches": [], "missing_branches": [[75, -70], [75, 76]]}, "MonitoringMetric.get_recent_values": {"executed_lines": [], "summary": {"covered_lines": 0, "num_statements": 9, "percent_covered": 0.0, "percent_covered_display": "0.00", "missing_lines": 9, "excluded_lines": 0, "num_branches": 4, "num_partial_branches": 0, "covered_branches": 0, "missing_branches": 4}, "missing_lines": [80, 81, 82, 83, 85, 86, 87, 88, 90], "excluded_lines": [], "executed_branches": [], "missing_branches": [[85, 86], [85, 90], [86, 85], [86, 87]]}, "MonitoringMetric.get_statistics": {"executed_lines": [], "summary": {"covered_lines": 0, "num_statements": 4, "percent_covered": 0.0, "percent_covered_display": "0.00", "missing_lines": 4, "excluded_lines": 0, "num_branches": 2, "num_partial_branches": 0, "covered_branches": 0, "missing_branches": 2}, "missing_lines": [94, 96, 97, 99], "excluded_lines": [], "executed_branches": [], "missing_branches": [[96, 97], [96, 99]]}, "AlertRule.__post_init__": {"executed_lines": [], "summary": {"covered_lines": 0, "num_statements": 2, "percent_covered": 0.0, "percent_covered_display": "0.00", "missing_lines": 2, "excluded_lines": 0, "num_branches": 2, "num_partial_branches": 0, "covered_branches": 0, "missing_branches": 2}, "missing_lines": [127, 128], "excluded_lines": [], "executed_branches": [], "missing_branches": [[127, -126], [127, 128]]}, "Alert.__post_init__": {"executed_lines": [], "summary": {"covered_lines": 0, "num_statements": 2, "percent_covered": 0.0, "percent_covered_display": "0.00", "missing_lines": 2, "excluded_lines": 0, "num_branches": 2, "num_partial_branches": 0, "covered_branches": 0, "missing_branches": 2}, "missing_lines": [148, 149], "excluded_lines": [], "executed_branches": [], "missing_branches": [[148, -147], [148, 149]]}, "AnomalyDetector.__init__": {"executed_lines": [], "summary": {"covered_lines": 0, "num_statements": 2, "percent_covered": 0.0, "percent_covered_display": "0.00", "missing_lines": 2, "excluded_lines": 0, "num_branches": 0, "num_partial_branches": 0, "covered_branches": 0, "missing_branches": 0}, "missing_lines": [156, 157], "excluded_lines": [], "executed_branches": [], "missing_branches": []}, "AnomalyDetector.detect_anomaly": {"executed_lines": [], "summary": {"covered_lines": 0, "num_statements": 16, "percent_covered": 0.0, "percent_covered_display": "0.00", "missing_lines": 16, "excluded_lines": 0, "num_branches": 6, "num_partial_branches": 0, "covered_branches": 0, "missing_branches": 6}, "missing_lines": [167, 169, 170, 172, 173, 176, 177, 179, 180, 182, 183, 185, 186, 187, 189, 191], "excluded_lines": [], "executed_branches": [], "missing_branches": [[169, 170], [169, 172], [179, 180], [179, 182], [185, 186], [185, 189]]}, "NotificationChannel.__init__": {"executed_lines": [], "summary": {"covered_lines": 0, "num_statements": 2, "percent_covered": 0.0, "percent_covered_display": "0.00", "missing_lines": 2, "excluded_lines": 0, "num_branches": 0, "num_partial_branches": 0, "covered_branches": 0, "missing_branches": 0}, "missing_lines": [198, 199], "excluded_lines": [], "executed_branches": [], "missing_branches": []}, "NotificationChannel.send_notification": {"executed_lines": [], "summary": {"covered_lines": 0, "num_statements": 0, "percent_covered": 100.0, "percent_covered_display": "100.00", "missing_lines": 0, "excluded_lines": 1, "num_branches": 0, "num_partial_branches": 0, "covered_branches": 0, "missing_branches": 0}, "missing_lines": [], "excluded_lines": [203], "executed_branches": [], "missing_branches": []}, "EmailNotificationChannel.send_notification": {"executed_lines": [], "summary": {"covered_lines": 0, "num_statements": 26, "percent_covered": 0.0, "percent_covered_display": "0.00", "missing_lines": 26, "excluded_lines": 0, "num_branches": 4, "num_partial_branches": 0, "covered_branches": 0, "missing_branches": 4}, "missing_lines": [211, 213, 214, 215, 216, 217, 218, 220, 221, 222, 225, 226, 227, 228, 230, 244, 247, 248, 249, 250, 252, 254, 255, 257, 258, 259], "excluded_lines": [], "executed_branches": [], "missing_branches": [[22
[...]
{"covered_lines": 0, "num_statements": 25, "percent_covered": 0.0, "percent_covered_display": "0.00", "missing_lines": 25, "excluded_lines": 0, "num_branches": 8, "num_partial_branches": 0, "covered_branches": 0, "missing_branches": 8}, "missing_lines": [107, 108, 109, 110, 111, 115, 116, 117, 120, 121, 129, 130, 131, 133, 134, 136, 137, 141, 142, 143, 144, 145, 146, 150, 151], "excluded_lines": [], "executed_branches": [], "missing_branches": [[130, 131], [130, 133], [133, 134], [133, 136], [143, 144], [143, 146], [144, 143], [144, 145]]}, "StreamingPredictor": {"executed_lines": [], "summary": {"covered_lines": 0, "num_statements": 115, "percent_covered": 0.0, "percent_covered_display": "0.00", "missing_lines": 115, "excluded_lines": 0, "num_branches": 40, "num_partial_branches": 0, "covered_branches": 0, "missing_branches": 40}, "missing_lines": [158, 159, 160, 161, 162, 165, 171, 172, 175, 176, 179, 180, 190, 194, 196, 197, 198, 199, 200, 201, 202, 205, 206, 208, 209, 210, 212, 213, 214, 217, 218, 219, 220, 222, 223, 224, 228, 230, 232, 234, 235, 236, 239, 240, 241, 243, 246, 247, 248, 251, 254, 255, 256, 259, 261, 262, 263, 266, 269, 283, 284, 287, 288, 290, 292, 293, 294, 295, 299, 300, 302, 303, 307, 312, 313, 315, 318, 321, 322, 323, 324, 327, 328, 329, 330, 331, 333, 334, 335, 336, 337, 339, 343, 344, 347, 348, 353, 354, 355, 356, 360, 361, 363, 366, 367, 370, 371, 372, 373, 374, 375, 377, 378, 380, 384], "excluded_lines": [], "executed_branches": [], "missing_branches": [[197, 198], [197, 205], [208, 209], [208, 212], [212, 213], [212, 217], [218, -192], [218, 219], [234, 235], [234, 243], [246, 247], [246, 251], [254, 255], [254, 259], [261, 262], [261, 266], [299, 300], [299, 302], [312, 313], [312, 315], [321, 322], [321, 327], [328, 329], [328, 333], [329, 328], [329, 330], [330, 329], [330, 331], [333, 334], [333, 339], [334, 333], [334, 335], [360, 361], [360, 363], [371, 372], [371, 377], [372, 373], [372, 374], [374, 371], [374, 375]]}, "StreamingServer": {"executed_lines": [], "summary": {"covered_lines": 0, "num_statements": 102, "percent_covered": 0.0, "percent_covered_display": "0.00", "missing_lines": 102, "excluded_lines": 0, "num_branches": 22, "num_partial_branches": 0, "covered_branches": 0, "missing_branches": 22}, "missing_lines": [397, 398, 399, 402, 405, 406, 408, 409, 413, 420, 421, 423, 424, 432, 433, 435, 436, 438, 440, 441, 442, 445, 446, 448, 449, 450, 451, 458, 459, 461, 462, 464, 465, 466, 469, 470, 472, 473, 475, 476, 478, 481, 489, 490, 492, 493, 495, 496, 497, 498, 499, 502, 503, 505, 508, 509, 511, 519, 523, 525, 531, 538, 540, 541, 542, 543, 547, 548, 550, 552, 553, 554, 555, 564, 567, 569, 570, 573, 574, 576, 580, 581, 583, 585, 591, 593, 594, 598, 599, 601, 602, 604, 605, 606, 607, 608, 611, 612, 616, 619, 620, 622], "excluded_lines": [], "executed_branches": [], "missing_branches": [[408, -396], [408, 409], [435, 436], [435, 438], [450, 451], [450, 461], [492, 476], [492, 493], [547, 548], [547, 550], [552, -550], [552, 553], [583, 585], [583, 591], [598, 599], [598, 601], [604, 605], [604, 611], [611, -596], [611, 612], [619, 620], [619, 622]]}, "StreamingClient": {"executed_lines": [], "summary": {"covered_lines": 0, "num_statements": 27, "percent_covered": 0.0, "percent_covered_display": "0.00", "missing_lines": 27, "excluded_lines": 0, "num_branches": 4, "num_partial_branches": 0, "covered_branches": 0, "missing_branches": 4}, "missing_lines": [634, 635, 639, 641, 642, 650, 651, 655, 657, 658, 662, 663, 667, 670, 671, 672, 673, 674, 675, 676, 679, 680, 681, 684, 685, 687, 688], "excluded_lines": [], "executed_branches": [], "missing_branches": [[680, -679], [680, 681], [687, -665], [687, 688]]}, "": {"executed_lines": [], "summary": {"covered_lines": 0, "num_statements": 116, "percent_covered": 0.0, "percent_covered_display": "0.00", "missing_lines": 116, "excluded_lines": 25, "num_branches": 2, "num_partial_branches": 0, "covered_branches": 0, "missing_branches": 2}, "missing_lines": [12, 13, 14, 15, 16, 17, 18, 19, 20, 21, 22, 23, 24, 25, 26, 27, 28, 29, 30, 31, 32, 33, 34, 35, 37, 38, 39, 40, 42, 45, 46, 49, 50, 51, 52, 55, 56, 57, 58, 61, 62, 63, 64, 67, 68, 69, 70, 73, 74, 77, 78, 80, 81, 82, 83, 84, 85, 88, 89, 91, 92, 93, 94, 95, 96, 97, 98, 99, 100, 103, 106, 113, 126, 139, 148, 154, 157, 192, 226, 297, 305, 341, 358, 382, 393, 396, 411, 521, 545, 578, 596, 614, 630, 633, 637, 653, 665, 691, 693, 696, 700, 701, 704, 708, 710, 711, 713, 715, 716, 724, 725, 726, 727, 728, 730, 732], "excluded_lines": [735, 736, 738, 739, 740, 741, 743, 745, 747, 748, 749, 750, 751, 752, 753, 754, 755, 756, 757, 758, 759, 760, 762, 763, 764], "executed_branches": [], "missing_branches": [[713, 715], [713, 732]]}}}, "src/train_model.py": {"executed_lines": [1, 2, 3, 4, 5, 6, 7, 8, 11, 12, 13, 14, 16, 17, 18, 20, 22, 62, 64, 66, 67, 68, 71, 72, 80, 81, 90, 91, 98, 101, 104, 105, 107, 108, 111, 112, 113, 114, 117, 119, 120, 122, 123, 124, 127, 128, 129, 130, 131, 132, 133, 136, 137, 138, 141, 142, 145, 149, 151, 157, 159], "summary": {"covered_lines": 60, "num_statements": 69, "percent_covered": 84.93150684931507, "percent_covered_display": "84.93", "missing_lines": 9, "excluded_lines": 9, "num_branches": 4, "num_partial_branches": 2, "covered_branches": 2, "missing_branches": 2}, "missing_lines": [9, 10, 73, 75, 76, 77, 153, 154, 155], "excluded_lines": [159, 162, 164, 165, 167, 168, 169, 170, 171], "executed_branches": [[72, 80], [120, 122]], "missing_branches": [[72, 73], [120, 153]], "functions": {"train_churn_model": {"executed_lines": [62, 64, 66, 67, 68, 71, 72, 80, 81, 90, 91, 98, 101, 104, 105, 107, 108, 111, 112, 113, 114, 117, 119, 120, 122, 123, 124, 127, 128, 129, 130, 131, 132, 133, 136, 137, 138, 141, 142, 145, 149, 151, 157], "summary": {"covered_lines": 43, "num_statements": 50, "percent_covered": 83.33333333333333, "percent_covered_display": "83.33", "missing_lines": 7, "excluded_lines": 0, "num_branches": 4, "num_partial_branches": 2, "covered_branches": 2, "missing_branches": 2}, "missing_lines": [73, 75, 76, 77, 153, 154, 155], "excluded_lines": [], "executed_branches": [[72, 80], [120, 122]], "missing_branches": [[72, 73], [120, 153]]}, "": {"executed_lines": [1, 2, 3, 4, 5, 6, 7, 8, 11, 12, 13, 14, 16, 17, 18, 20, 22, 159], "summary": {"covered_lines": 17, "num_statements": 19, "percent_covered": 89.47368421052632, "percent_covered_display": "89.47", "missing_lines": 2, "excluded_lines": 9, "num_branches": 0, "num_partial_branches": 0, "covered_branches": 0, "missing_branches": 0}, "missing_lines": [9, 10], "excluded_lines": [159, 162, 164, 165, 167, 168, 169, 170, 171], "executed_branches": [], "missing_branches": []}}, "classes": {"": {"executed_lines": [1, 2, 3, 4, 5, 6, 7, 8, 11, 12, 13, 14, 16, 17, 18, 20, 22, 62, 64, 66, 67, 68, 71, 72, 80, 81, 90, 91, 98, 101, 104, 105, 107, 108, 111, 112, 113, 114, 117, 119, 120, 122, 123, 124, 127, 128, 129, 130, 131, 132, 133, 136, 137, 138, 141, 142, 145, 149, 151, 157, 159], "summary": {"covered_lines": 60, "num_statements": 69, "percent_covered": 84.93150684931507, "percent_covered_display": "84.93", "missing_lines": 9, "excluded_lines": 9, "num_branches": 4, "num_partial_branches": 2, "covered_branches": 2, "missing_branches": 2}, "missing_lines": [9, 10, 73, 75, 76, 77, 153, 154, 155], "excluded_lines": [159, 162, 164, 165, 167, 168, 169, 170, 171], "executed_branches": [[72, 80], [120, 122]], "missing_branches": [[72, 73], [120, 153]]}}}, "src/validation.py": {"executed_lines": [1, 8, 9, 10, 11, 12, 13, 14, 16, 19, 20, 21, 24, 25, 27, 36, 44, 48, 67, 71, 72, 73, 78, 82, 83, 88, 95, 102, 106, 116, 119, 120, 122, 123, 142, 145, 148, 151, 157, 160, 162, 163, 193, 194, 227, 228, 230, 231, 272, 289, 292, 294, 295, 296, 307, 345, 364, 365, 368, 371, 372, 374, 375, 376, 377, 378, 387, 422, 441, 442, 445, 449, 451, 452, 453, 454, 455, 464, 500, 501, 502], "summary": {"covered_lines": 76, "num_statements": 187, "percent_covered": 36.8421052631579, "percent_covered_display": "36.84", "missing_lines": 111, "excluded_lines": 0, "num_branches": 60, "num_partial_branches": 15, "covered_branches": 15, "missing_branches": 45}, "missing_lines": [68, 74, 75, 79, 89, 96, 103, 107, 108, 109, 110, 111, 112, 114, 143, 146, 149, 152, 153, 154, 158, 182, 183, 185, 186, 188, 189, 191, 213, 214, 216, 217, 219, 220, 221, 222, 224, 244, 247, 257, 258, 259, 260, 261, 262, 265, 266, 267, 269, 290, 297, 298, 299, 300, 301, 302, 303, 304, 326, 327, 330, 333, 335, 336, 337, 338, 339, 340, 341, 342, 379, 380, 381, 382, 383, 384, 404, 405, 407, 409, 410, 411, 412, 413, 414, 415, 416, 417, 418, 419, 446, 456, 457, 458, 459, 460, 461, 481, 482, 484, 486, 487, 488, 489, 490, 491, 492, 493, 494, 495, 496], "excluded_lines": [], "executed_branches": [[67, 71], [78, 82], [88, 95], [95, 102], [102, 106], [106, 116], [142, 145], [145, 148], [148, 151], [151, 157], [157, 160], [289, 292], [364, 365], [441, 442], [445, 449]], "missing_branches": [[67, 68], [78, 79], [88, 89], [95, 96], [102, 103], [106, 107], [107, 108], [107, 114], [142, 143], [145, 146], [148, 149], [151, 152], [153, 154], [153, 157], [157, 158], [182, 183], [182, 185], [185, 186], [185, 188], [188, 189], [188, 191], [213, 214], [213, 216], [216, 217], [216, 219], [219, 220], [219, 224], [221, 222], [221, 224], [257, 258], [257, 269], [258, 259], [258, 265], [265, 266], [265, 267], [289, 290], [326, 327], [326, 330], [364, 368], [404, 405], [404, 407], [441, 445], [445, 446], [481, 482], [481, 484]], "functions": {"PathValidator.__init__": {"executed_lines": [36, 44], "summary": {"covered_lines": 2, "num_statements": 2, "percent_covered": 100.0, "percent_covered_display": "100.00", "missing_lines": 0, "excluded_lines": 0, "num_branches": 0, "num_partial_branches": 0, "covered_branches": 0, "missing_branches": 0}, "missing_lines": [], "excluded_lines": [], "executed_branches": [], "missing_branches": []}, "PathValidator.validate_path": {"executed_lines": [67, 71, 72, 73, 78, 82, 83, 88, 95, 102, 106, 116], "summary": {"covered_lines": 12, "num_statements": 26, "percent_covered": 45.0, "percent_covered_display": "45.00", "missing_lines": 14, "excluded_lines": 0, "num_branches": 14, "num_partial_branches": 6, "covered_branches": 6, "missing_branches": 8}, "missing_lines": [68, 74, 75, 79, 89, 96, 103, 107, 108, 109, 110, 111, 112, 114], "excluded_lines": [], "executed_branches": [[67, 71], [78, 82], [88, 95], [95, 102], [102, 106], [106, 116]], "missing_branches": [[67, 68], [78, 79], [88, 89], [95, 96], [102, 103], [106, 107], [107, 108], [107, 114]]}, "DataValidator.validate_dataframe": {"executed_lines": [142, 145, 148, 151, 157, 160], "summary": {"covered_lines": 6, "num_statements": 13, "percent_covered": 44.0, "percent_covered_display": "44.00", "missing_lines": 7, "excluded_lines": 0, "num_branches": 12, "num_partial_branches": 5, "covered_branches": 5, "missing_branches": 7}, "missing_lines": [143, 146, 149, 152, 153, 154, 158], "excluded_lines": [], "executed_branches": [[142, 145], [145, 148], [148, 151], [151, 157], [157, 160]], "missing_branches": [[142, 143], [145, 146], [148, 149], [151, 152], [153, 154], [153, 157], [157, 158]]}, "DataValidator.validate_numeric_range": {"executed_lines": [], "summary": {"covered_lines": 0, "num_statements": 7, "percent_covered": 0.0, "percent_covered_display": "0.00", "missing_lines": 7, "excluded_lines": 0, "num_branches": 6, "num_partial_branches": 0, "covered_branches": 0, "missing_branches": 6}, "missing_lines": [182, 183, 185, 186, 188, 189, 191], "excluded_lines": [], "executed_branches": [], "missing_branches": [[182, 183], [182, 185], [185, 186], [185, 188], [188, 189], [188, 191]]}, "DataValidator.validate_string": {"executed_lines": [], "summary": {"covered_lines": 0, "num_statements": 9, "percent_covered": 0.0, "percent_covered_display": "0.00", "missing_lines": 9, "excluded_lines": 0, "num_branches": 8, "num_partial_branches": 0, "covered_branches": 0, "missing_branches": 8}, "missing_lines": [213, 214, 216, 217, 219, 220, 221, 222, 224], "excluded_lines": [], "executed_branches": [], "missing_branches": [[213, 214], [213, 216], [216, 217], [216, 219], [219, 220], [219, 224], [221, 222], [221, 224]]}, "MLValidator.validate_model_hyperparameters": {"executed_lines": [], "summary": {"covered_lines": 0, "num_statements": 12, "percent_covered": 0.0, "percent_covered_display": "0.00", "missing_lines": 12, "excluded_lines": 0, "num_branches": 6, "num_partial_branches": 0, "covered_branches": 0, "missing_branches": 6}, "missing_lines": [244, 247, 257, 258, 259, 260, 261, 262, 265, 266, 267, 269], "excluded_lines": [], "executed_branches": [], "missing_branches": [[257, 258], [257, 269], [258, 259], [258, 265], [265, 266], [265, 267]]}, "safe_read_csv": {"executed_lines": [289, 292, 294, 295, 296], "summary": {"covered_lines": 5, "num_statements": 14, "percent_covered": 37.5, "percent_covered_display": "37.50", "missing_lines": 9, "excluded_lines": 0, "num_branches": 2, "num_partial_branches": 1, "covered_branches": 1, "missing_branches": 1}, "missing_lines": [290, 297, 298, 299, 300, 301, 302, 303, 304], "excluded_lines": [], "executed_branches": [[289, 292]], "missing_branches": [[289, 290]]}, "safe_write_csv": {"executed_lines": [], "summary": {"covered_lines": 0, "num_statements": 12, "percent_covered": 0.0, "percent_covered_display": "0.00", "missing_lines": 12, "excluded_lines": 0, "num_branches": 2, "num_partial_branches": 0, "covered_branches": 0, "missing_branches": 2}, "missing_lines": [326, 327, 330, 333, 335, 336, 337, 338, 339, 340, 341, 342], "excluded_lines": [], "executed_branches": [], "missing_branches": [[326, 327], [326, 330]]}, "safe_write_json": {"executed_lines": [364, 365, 368, 371, 372, 374, 375, 376, 377, 378], "summary": {"covered_lines": 10, "num_statements": 16, "percent_covered": 61.111111111111114, "percent_covered_display": "61.11", "missing_lines": 6, "excluded_lines": 0, "num_branches": 2, "num_partial_branches": 1, "covered_branches": 1, "missing_branches": 1}, "missing_lines": [379, 380, 381, 382, 383, 384], "excluded_lines": [], "executed_branches": [[364, 365]], "missing_branches": [[364, 368]]}, "safe_read_json": {"executed_lines": [], "summary": {"covered_lines": 0, "num_statements": 14, "percent_covered": 0.0, "percent_covered_display": "0.00", "missing_lines": 14, "excluded_lines": 0, "num_branches": 2, "num_partial_branches": 0, "covered_branches": 0, "missing_branches": 2}, "missing_lines": [404, 405, 407, 409, 410, 411, 412, 413, 414, 415, 416, 417, 418, 419], "excluded_lines": [], "executed_branches": [], "missing_branches": [[404, 405], [404, 407]]}, "safe_write_text": {"executed_lines": [441, 442, 445, 449, 451, 452, 453, 454, 455], "summary": {"covered_lines": 9, "num_statements": 16, "percent_covered": 55.0, "percent_covered_display": "55.00", "missing_lines": 7, "excluded_lines": 0, "num_branches": 4, "num_partial_branches": 2, "covered_branches": 2, "missing_branches": 2}, "missing_lines": [446, 456, 457, 458, 459, 460, 461], "excluded_lines": [], "executed_branches": [[441, 442], [445, 449]], "missing_branches": [[441, 445], [445, 446]]}, "safe_read_text": {"executed_lines": [], "summary": {"covered_lines": 0, "num_statements": 14, "percent_covered": 0.0, "percent_covered_display": "0.00", "missing_lines": 14, "excluded_lines": 0, "num_branches": 2, "num_partial_branches": 0, "covered_branches": 0, "missing_branches": 2}, "missing_lines": [481, 482, 484, 486, 487, 488, 489, 490, 491, 492, 493, 494, 495, 496], "excluded_lines": [], "executed_branches": [], "missing_branches": [[481, 482], [481, 484]]}, "": {"executed_lines": [1, 8, 9, 10, 11, 12, 13, 14, 16, 19, 20, 21, 24, 25, 27, 48, 119, 120, 122, 123, 162, 163, 193, 194, 227, 228, 230, 231, 272, 307, 345, 387, 422, 464, 500, 501, 502], "summary": {"covered_lines": 32, "num_statements": 32, "percent_covered": 100.0, "percent_covered_display": "100.00", "missing_lines": 0, "excluded_lines": 0, "num_branches": 0, "num_partial_branches": 0, "covered_branches": 0, "missing_branches": 0}, "missing_lines": [], "excluded_lines": [], "executed_branches": [], "missing_branches": []}}, "classes": {"ValidationError": {"executed_lines": [], "summary": {"covered_lines": 0, "num_statements": 0, "percent_covered": 100.0, "percent_covered_display": "100.00", "missing_lines": 0, "excluded_lines": 0, "num_branches": 0, "num_partial_branches": 0, "covered_branches": 0, "missing_branches": 0}, "missing_lines": [], "excluded_lines": [], "executed_branches": [], "missing_branches": []}, "PathValidator": {"executed_lines": [36, 44, 67, 71, 72, 73, 78, 82, 83, 88, 95, 102, 106, 116], "summary": {"covered_lines": 14, "num_statements": 28, "percent_covered": 47.61904761904762, "percent_covered_display": "47.62", "missing_lines": 14, "excluded_lines": 0, "num_branches": 14, "num_partial_branches": 6, "covered_branches": 6, "missing_branches": 8}, "missing_lines": [68, 74, 75, 79, 89, 96, 103, 107, 108, 109, 110, 111, 112, 114], "excluded_lines": [], "executed_branches": [[67, 71], [78, 82], [88, 95], [95, 102], [102, 106], [106, 116]], "missing_branches": [[67, 68], [78, 79], [88, 89], [95, 96], [102, 103], [106, 107], [107, 108], [107, 114]]}, "DataValidator": {"executed_lines": [142, 145, 148, 151, 157, 160], "summary": {"covered_lines": 6, "num_statements": 29, "percent_covered": 20.0, "percent_covered_display": "20.00", "missing_lines": 23, "excluded_lines": 0, "num_branches": 26, "num_partial_branches": 5, "covered_branches": 5, "missing_branches": 21}, "missing_lines": [143, 146, 149, 152, 153, 154, 158, 182, 183, 185, 186, 188, 189, 191, 213, 214, 216, 217, 219, 220, 221, 222, 224], "excluded_lines": [], "executed_branches": [[142, 145], [145, 148], [148, 151], [151, 157], [157, 160]], "missing_branches": [[142, 143], [145, 146], [148, 149], [151, 152], [153, 154], [153, 157], [157, 158], [182, 183], [182, 185], [185, 186], [185, 188], [188, 189], [188, 191], [213, 214], [213, 216], [216, 217], [216, 219], [219, 220], [219, 224], [221, 222], [221, 224]]}, "MLValidator": {"executed_lines": [], "summary": {"covered_lines": 0, "num_statements": 12, "percent_covered": 0.0, "percent_covered_display": "0.00", "missing_lines": 12, "excluded_lines": 0, "num_branches": 6, "num_partial_branches": 0, "covered_branches": 0, "missing_branches": 6}, "missing_lines": [244, 247, 257, 258, 259, 260, 261, 262, 265, 266, 267, 269], "excluded_lines": [], "executed_branches": [], "missing_branches": [[257, 258], [257, 269], [258, 259], [258, 265], [265, 266], [265, 267]]}, "": {"executed_lines": [1, 8, 9, 10, 11, 12, 13, 14, 16, 19, 20, 21, 24, 25, 27, 48, 119, 120, 122, 123, 162, 163, 193, 194, 227, 228, 230, 231, 272, 289, 292, 294, 295, 296, 307, 345, 364, 365, 368, 371, 372, 374, 375, 376, 377, 378, 387, 422, 441, 442, 445, 449, 451, 452, 453, 454, 455, 464, 500, 501, 502], "summary": {"covered_lines": 56, "num_statements": 118, "percent_covered": 45.45454545454545, "percent_covered_display": "45.45", "missing_lines": 62, "excluded_lines": 0, "num_branches": 14, "num_partial_branches": 4, "covered_branches": 4, "missing_branches": 10}, "missing_lines": [290, 297, 298, 299, 300, 301, 302, 303, 304, 326, 327, 330, 333, 335, 336, 337, 338, 339, 340, 341, 342, 379, 380, 381, 382, 383, 384, 404, 405, 407, 409, 410, 411, 412, 413, 414, 415, 416, 417, 418, 419, 446, 456, 457, 458, 459, 460, 461, 481, 482, 484, 486, 487, 488, 489, 490, 491, 492, 493, 494, 495, 496], "excluded_lines": [], "executed_branches": [[289, 292], [364, 365], [441, 442], [445, 449]], "missing_branches": [[289, 290], [326, 327], [326, 330], [364, 368], [404, 405], [404, 407], [441, 445], [445, 446], [481, 482], [481, 484]]}}}}, "totals": {"covered_lines": 751, "num_statements": 13736, "percent_covered": 4.527850552454722, "percent_covered_display": "4.53", "missing_lines": 12985, "excluded_lines": 207, "num_branches": 3822, "num_partial_branches": 42, "covered_branches": 44, "missing_branches": 3778}}